[ 2018-09-26T09:30:09+08:00 ] 127.0.0.1 /index.php?s=/Home/index/recommend&
INFO: [ app_init ] --START--
INFO: Run Behavior\BuildLiteBehavior [ RunTime:0.001000s ]
INFO: Run Common\Behavior\InitHookBehavior [ RunTime:0.003001s ]
INFO: [ app_init ] --END-- [ RunTime:0.004001s ]
INFO: [ app_begin ] --START--
INFO: Run Behavior\ReadHtmlCacheBehavior [ RunTime:0.001000s ]
INFO: [ app_begin ] --END-- [ RunTime:0.001000s ]
SQL: SHOW COLUMNS FROM `app_config` [ RunTime:0.0330s ]
SQL: SELECT `type`,`name`,`value` FROM `app_config` WHERE `status` = 1  [ RunTime:0.0010s ]
SQL: SHOW COLUMNS FROM `app_company` [ RunTime:0.0420s ]
SQL: SELECT `companyname`,`pay`,`jobinten`,`jobtitle`,`jobfield` FROM `app_company` WHERE ( jobinten is not null ) LIMIT 10   [ RunTime:0.0150s ]

[ 2018-09-26T09:30:09+08:00 ] 127.0.0.1 /index.php?s=/Home/index/picture&
INFO: [ app_init ] --START--
INFO: Run Behavior\BuildLiteBehavior [ RunTime:0.000000s ]
INFO: Run Common\Behavior\InitHookBehavior [ RunTime:0.024002s ]
INFO: [ app_init ] --END-- [ RunTime:0.027002s ]
INFO: [ app_begin ] --START--
INFO: Run Behavior\ReadHtmlCacheBehavior [ RunTime:0.005000s ]
INFO: [ app_begin ] --END-- [ RunTime:0.005000s ]
SQL: SHOW COLUMNS FROM `app_config` [ RunTime:0.0200s ]
SQL: SELECT `type`,`name`,`value` FROM `app_config` WHERE `status` = 1  [ RunTime:0.0010s ]
SQL: SHOW COLUMNS FROM `app_notice` [ RunTime:0.0510s ]
SQL: SELECT * FROM `app_notice`  [ RunTime:0.0010s ]

[ 2018-09-26T09:30:09+08:00 ] 127.0.0.1 /index.php?s=/Home/index/hot&
INFO: [ app_init ] --START--
INFO: Run Behavior\BuildLiteBehavior [ RunTime:0.000000s ]
INFO: Run Common\Behavior\InitHookBehavior [ RunTime:0.001000s ]
INFO: [ app_init ] --END-- [ RunTime:0.002000s ]
INFO: [ app_begin ] --START--
INFO: Run Behavior\ReadHtmlCacheBehavior [ RunTime:0.001000s ]
INFO: [ app_begin ] --END-- [ RunTime:0.001000s ]
SQL: SHOW COLUMNS FROM `app_config` [ RunTime:0.0040s ]
SQL: SELECT `type`,`name`,`value` FROM `app_config` WHERE `status` = 1  [ RunTime:0.0010s ]
SQL: SHOW COLUMNS FROM `app_company` [ RunTime:0.0090s ]
SQL: SELECT `jobinten` FROM `app_company` WHERE ( jobinten is not null )  [ RunTime:0.0060s ]

[ 2018-09-26T09:30:09+08:00 ] 127.0.0.1 /index.php?s=/Home/index/recommend&
INFO: [ app_init ] --START--
INFO: Run Behavior\BuildLiteBehavior [ RunTime:0.000000s ]
INFO: Run Common\Behavior\InitHookBehavior [ RunTime:0.002001s ]
INFO: [ app_init ] --END-- [ RunTime:0.002001s ]
INFO: [ app_begin ] --START--
INFO: Run Behavior\ReadHtmlCacheBehavior [ RunTime:0.001000s ]
INFO: [ app_begin ] --END-- [ RunTime:0.001000s ]
SQL: SHOW COLUMNS FROM `app_config` [ RunTime:0.0060s ]
SQL: SELECT `type`,`name`,`value` FROM `app_config` WHERE `status` = 1  [ RunTime:0.0010s ]
SQL: SHOW COLUMNS FROM `app_company` [ RunTime:0.0040s ]
SQL: SELECT `companyname`,`pay`,`jobinten`,`jobtitle`,`jobfield` FROM `app_company` WHERE ( jobinten is not null ) LIMIT 10   [ RunTime:0.0010s ]

[ 2018-09-26T09:30:09+08:00 ] 127.0.0.1 /index.php?s=/Home/index/picture&
INFO: [ app_init ] --START--
INFO: Run Behavior\BuildLiteBehavior [ RunTime:0.000000s ]
INFO: Run Common\Behavior\InitHookBehavior [ RunTime:0.002000s ]
INFO: [ app_init ] --END-- [ RunTime:0.002000s ]
INFO: [ app_begin ] --START--
INFO: Run Behavior\ReadHtmlCacheBehavior [ RunTime:0.002000s ]
INFO: [ app_begin ] --END-- [ RunTime:0.002000s ]
SQL: SHOW COLUMNS FROM `app_config` [ RunTime:0.0040s ]
SQL: SELECT `type`,`name`,`value` FROM `app_config` WHERE `status` = 1  [ RunTime:0.0020s ]
SQL: SHOW COLUMNS FROM `app_notice` [ RunTime:0.0050s ]
SQL: SELECT * FROM `app_notice`  [ RunTime:0.0000s ]

[ 2018-09-26T09:32:12+08:00 ] 127.0.0.1 /index.php?s=/Home/index/picture&
INFO: [ app_init ] --START--
INFO: Run Behavior\BuildLiteBehavior [ RunTime:0.000000s ]
INFO: Run Common\Behavior\InitHookBehavior [ RunTime:0.003000s ]
INFO: [ app_init ] --END-- [ RunTime:0.003000s ]
INFO: [ app_begin ] --START--
INFO: Run Behavior\ReadHtmlCacheBehavior [ RunTime:0.001000s ]
INFO: [ app_begin ] --END-- [ RunTime:0.001000s ]
SQL: SHOW COLUMNS FROM `app_config` [ RunTime:0.0040s ]
SQL: SELECT `type`,`name`,`value` FROM `app_config` WHERE `status` = 1  [ RunTime:0.0010s ]
SQL: SHOW COLUMNS FROM `app_notice` [ RunTime:0.0040s ]
SQL: SELECT * FROM `app_notice`  [ RunTime:0.0000s ]

[ 2018-09-26T09:32:12+08:00 ] 127.0.0.1 /index.php?s=/Home/index/hot&
INFO: [ app_init ] --START--
INFO: Run Behavior\BuildLiteBehavior [ RunTime:0.000000s ]
INFO: Run Common\Behavior\InitHookBehavior [ RunTime:0.003000s ]
INFO: [ app_init ] --END-- [ RunTime:0.004000s ]
INFO: [ app_begin ] --START--
INFO: Run Behavior\ReadHtmlCacheBehavior [ RunTime:0.001000s ]
INFO: [ app_begin ] --END-- [ RunTime:0.001000s ]
SQL: SHOW COLUMNS FROM `app_config` [ RunTime:0.0040s ]
SQL: SELECT `type`,`name`,`value` FROM `app_config` WHERE `status` = 1  [ RunTime:0.0000s ]
SQL: SHOW COLUMNS FROM `app_company` [ RunTime:0.0040s ]
SQL: SELECT `jobinten` FROM `app_company` WHERE ( jobinten is not null )  [ RunTime:0.0000s ]

[ 2018-09-26T09:32:12+08:00 ] 127.0.0.1 /index.php?s=/Home/index/picture&
INFO: [ app_init ] --START--
INFO: Run Behavior\BuildLiteBehavior [ RunTime:0.000000s ]
INFO: Run Common\Behavior\InitHookBehavior [ RunTime:0.002000s ]
INFO: [ app_init ] --END-- [ RunTime:0.007000s ]
INFO: [ app_begin ] --START--
INFO: Run Behavior\ReadHtmlCacheBehavior [ RunTime:0.000000s ]
INFO: [ app_begin ] --END-- [ RunTime:0.000000s ]
SQL: SHOW COLUMNS FROM `app_config` [ RunTime:0.0050s ]
SQL: SELECT `type`,`name`,`value` FROM `app_config` WHERE `status` = 1  [ RunTime:0.0020s ]
SQL: SHOW COLUMNS FROM `app_notice` [ RunTime:0.0070s ]
SQL: SELECT * FROM `app_notice`  [ RunTime:0.0010s ]

[ 2018-09-26T09:32:12+08:00 ] 127.0.0.1 /index.php?s=/Home/index/recommend&
INFO: [ app_init ] --START--
INFO: Run Behavior\BuildLiteBehavior [ RunTime:0.000000s ]
INFO: Run Common\Behavior\InitHookBehavior [ RunTime:0.003000s ]
INFO: [ app_init ] --END-- [ RunTime:0.005001s ]
INFO: [ app_begin ] --START--
INFO: Run Behavior\ReadHtmlCacheBehavior [ RunTime:0.001000s ]
INFO: [ app_begin ] --END-- [ RunTime:0.001000s ]
SQL: SHOW COLUMNS FROM `app_config` [ RunTime:0.0060s ]
SQL: SELECT `type`,`name`,`value` FROM `app_config` WHERE `status` = 1  [ RunTime:0.0010s ]
SQL: SHOW COLUMNS FROM `app_company` [ RunTime:0.0050s ]
SQL: SELECT `companyname`,`pay`,`jobinten`,`jobtitle`,`jobfield` FROM `app_company` WHERE ( jobinten is not null ) LIMIT 10   [ RunTime:0.0010s ]

[ 2018-09-26T09:32:12+08:00 ] 127.0.0.1 /index.php?s=/Home/index/recommend&
INFO: [ app_init ] --START--
INFO: Run Behavior\BuildLiteBehavior [ RunTime:0.000000s ]
INFO: Run Common\Behavior\InitHookBehavior [ RunTime:0.003000s ]
INFO: [ app_init ] --END-- [ RunTime:0.003000s ]
INFO: [ app_begin ] --START--
INFO: Run Behavior\ReadHtmlCacheBehavior [ RunTime:0.001000s ]
INFO: [ app_begin ] --END-- [ RunTime:0.001000s ]
SQL: SHOW COLUMNS FROM `app_config` [ RunTime:0.0040s ]
SQL: SELECT `type`,`name`,`value` FROM `app_config` WHERE `status` = 1  [ RunTime:0.0010s ]
SQL: SHOW COLUMNS FROM `app_company` [ RunTime:0.0040s ]
SQL: SELECT `companyname`,`pay`,`jobinten`,`jobtitle`,`jobfield` FROM `app_company` WHERE ( jobinten is not null ) LIMIT 10   [ RunTime:0.0000s ]

[ 2018-09-26T09:32:12+08:00 ] 127.0.0.1 /index.php?s=/Home/index/hot&
INFO: [ app_init ] --START--
INFO: Run Behavior\BuildLiteBehavior [ RunTime:0.001000s ]
INFO: Run Common\Behavior\InitHookBehavior [ RunTime:0.009001s ]
INFO: [ app_init ] --END-- [ RunTime:0.010001s ]
INFO: [ app_begin ] --START--
INFO: Run Behavior\ReadHtmlCacheBehavior [ RunTime:0.001000s ]
INFO: [ app_begin ] --END-- [ RunTime:0.001000s ]
SQL: SHOW COLUMNS FROM `app_config` [ RunTime:0.0040s ]
SQL: SELECT `type`,`name`,`value` FROM `app_config` WHERE `status` = 1  [ RunTime:0.0010s ]
SQL: SHOW COLUMNS FROM `app_company` [ RunTime:0.0060s ]
SQL: SELECT `jobinten` FROM `app_company` WHERE ( jobinten is not null )  [ RunTime:0.0000s ]

[ 2018-09-26T09:32:15+08:00 ] 127.0.0.1 /index.php?s=/Home/index/hot&
INFO: [ app_init ] --START--
INFO: Run Behavior\BuildLiteBehavior [ RunTime:0.000000s ]
INFO: Run Common\Behavior\InitHookBehavior [ RunTime:0.003000s ]
INFO: [ app_init ] --END-- [ RunTime:0.003000s ]
INFO: [ app_begin ] --START--
INFO: Run Behavior\ReadHtmlCacheBehavior [ RunTime:0.000000s ]
INFO: [ app_begin ] --END-- [ RunTime:0.000000s ]
SQL: SHOW COLUMNS FROM `app_config` [ RunTime:0.0050s ]
SQL: SELECT `type`,`name`,`value` FROM `app_config` WHERE `status` = 1  [ RunTime:0.0070s ]
SQL: SHOW COLUMNS FROM `app_company` [ RunTime:0.0040s ]
SQL: SELECT `jobinten` FROM `app_company` WHERE ( jobinten is not null )  [ RunTime:0.0000s ]

[ 2018-09-26T09:32:15+08:00 ] 127.0.0.1 /index.php?s=/Home/index/recommend&
INFO: [ app_init ] --START--
INFO: Run Behavior\BuildLiteBehavior [ RunTime:0.000000s ]
INFO: Run Common\Behavior\InitHookBehavior [ RunTime:0.002001s ]
INFO: [ app_init ] --END-- [ RunTime:0.003001s ]
INFO: [ app_begin ] --START--
INFO: Run Behavior\ReadHtmlCacheBehavior [ RunTime:0.001000s ]
INFO: [ app_begin ] --END-- [ RunTime:0.001000s ]
SQL: SHOW COLUMNS FROM `app_config` [ RunTime:0.0040s ]
SQL: SELECT `type`,`name`,`value` FROM `app_config` WHERE `status` = 1  [ RunTime:0.0000s ]
SQL: SHOW COLUMNS FROM `app_company` [ RunTime:0.0040s ]
SQL: SELECT `companyname`,`pay`,`jobinten`,`jobtitle`,`jobfield` FROM `app_company` WHERE ( jobinten is not null ) LIMIT 10   [ RunTime:0.0010s ]

[ 2018-09-26T09:32:15+08:00 ] 127.0.0.1 /index.php?s=/Home/index/picture&
INFO: [ app_init ] --START--
INFO: Run Behavior\BuildLiteBehavior [ RunTime:0.000000s ]
INFO: Run Common\Behavior\InitHookBehavior [ RunTime:0.002000s ]
INFO: [ app_init ] --END-- [ RunTime:0.012000s ]
INFO: [ app_begin ] --START--
INFO: Run Behavior\ReadHtmlCacheBehavior [ RunTime:0.001000s ]
INFO: [ app_begin ] --END-- [ RunTime:0.001000s ]
SQL: SHOW COLUMNS FROM `app_config` [ RunTime:0.0040s ]
SQL: SELECT `type`,`name`,`value` FROM `app_config` WHERE `status` = 1  [ RunTime:0.0010s ]
SQL: SHOW COLUMNS FROM `app_notice` [ RunTime:0.0050s ]
SQL: SELECT * FROM `app_notice`  [ RunTime:0.0010s ]

[ 2018-09-26T09:32:15+08:00 ] 127.0.0.1 /index.php?s=/Home/index/recommend&
INFO: [ app_init ] --START--
INFO: Run Behavior\BuildLiteBehavior [ RunTime:0.000000s ]
INFO: Run Common\Behavior\InitHookBehavior [ RunTime:0.002000s ]
INFO: [ app_init ] --END-- [ RunTime:0.002000s ]
INFO: [ app_begin ] --START--
INFO: Run Behavior\ReadHtmlCacheBehavior [ RunTime:0.000000s ]
INFO: [ app_begin ] --END-- [ RunTime:0.001000s ]
SQL: SHOW COLUMNS FROM `app_config` [ RunTime:0.0060s ]
SQL: SELECT `type`,`name`,`value` FROM `app_config` WHERE `status` = 1  [ RunTime:0.0050s ]
SQL: SHOW COLUMNS FROM `app_company` [ RunTime:0.0040s ]
SQL: SELECT `companyname`,`pay`,`jobinten`,`jobtitle`,`jobfield` FROM `app_company` WHERE ( jobinten is not null ) LIMIT 10   [ RunTime:0.0000s ]

[ 2018-09-26T09:32:15+08:00 ] 127.0.0.1 /index.php?s=/Home/index/hot&
INFO: [ app_init ] --START--
INFO: Run Behavior\BuildLiteBehavior [ RunTime:0.000000s ]
INFO: Run Common\Behavior\InitHookBehavior [ RunTime:0.001000s ]
INFO: [ app_init ] --END-- [ RunTime:0.002000s ]
INFO: [ app_begin ] --START--
INFO: Run Behavior\ReadHtmlCacheBehavior [ RunTime:0.001000s ]
INFO: [ app_begin ] --END-- [ RunTime:0.001000s ]
SQL: SHOW COLUMNS FROM `app_config` [ RunTime:0.0070s ]
SQL: SELECT `type`,`name`,`value` FROM `app_config` WHERE `status` = 1  [ RunTime:0.0090s ]
SQL: SHOW COLUMNS FROM `app_company` [ RunTime:0.0040s ]
SQL: SELECT `jobinten` FROM `app_company` WHERE ( jobinten is not null )  [ RunTime:0.0000s ]

[ 2018-09-26T09:32:15+08:00 ] 127.0.0.1 /index.php?s=/Home/index/picture&
INFO: [ app_init ] --START--
INFO: Run Behavior\BuildLiteBehavior [ RunTime:0.000000s ]
INFO: Run Common\Behavior\InitHookBehavior [ RunTime:0.002000s ]
INFO: [ app_init ] --END-- [ RunTime:0.002000s ]
INFO: [ app_begin ] --START--
INFO: Run Behavior\ReadHtmlCacheBehavior [ RunTime:0.001000s ]
INFO: [ app_begin ] --END-- [ RunTime:0.001000s ]
SQL: SHOW COLUMNS FROM `app_config` [ RunTime:0.0040s ]
SQL: SELECT `type`,`name`,`value` FROM `app_config` WHERE `status` = 1  [ RunTime:0.0010s ]
SQL: SHOW COLUMNS FROM `app_notice` [ RunTime:0.0040s ]
SQL: SELECT * FROM `app_notice`  [ RunTime:0.0000s ]

[ 2018-09-26T09:58:29+08:00 ] 127.0.0.1 /index.php?s=/Home/job/cards&
INFO: [ app_init ] --START--
INFO: Run Behavior\BuildLiteBehavior [ RunTime:0.000000s ]
INFO: Run Common\Behavior\InitHookBehavior [ RunTime:0.003000s ]
INFO: [ app_init ] --END-- [ RunTime:0.004000s ]
INFO: [ app_begin ] --START--
INFO: Run Behavior\ReadHtmlCacheBehavior [ RunTime:0.001000s ]
INFO: [ app_begin ] --END-- [ RunTime:0.001000s ]
SQL: SHOW COLUMNS FROM `app_config` [ RunTime:0.0240s ]
SQL: SELECT `type`,`name`,`value` FROM `app_config` WHERE `status` = 1  [ RunTime:0.0010s ]
SQL: SHOW COLUMNS FROM `app_card` [ RunTime:0.0350s ]
SQL: SELECT `category` FROM `app_card`  [ RunTime:0.0000s ]

[ 2018-09-26T09:58:29+08:00 ] 127.0.0.1 /index.php?s=/Home/job/civilians&
INFO: [ app_init ] --START--
INFO: Run Behavior\BuildLiteBehavior [ RunTime:0.000000s ]
INFO: Run Common\Behavior\InitHookBehavior [ RunTime:0.004000s ]
INFO: [ app_init ] --END-- [ RunTime:0.004000s ]
INFO: [ app_begin ] --START--
INFO: Run Behavior\ReadHtmlCacheBehavior [ RunTime:0.001000s ]
INFO: [ app_begin ] --END-- [ RunTime:0.001000s ]
SQL: SHOW COLUMNS FROM `app_config` [ RunTime:0.0040s ]
SQL: SELECT `type`,`name`,`value` FROM `app_config` WHERE `status` = 1  [ RunTime:0.0000s ]
SQL: SHOW COLUMNS FROM `app_convenient` [ RunTime:0.0900s ]
SQL: SELECT `title`,`content` FROM `app_convenient` WHERE ( status=1 )  [ RunTime:0.0050s ]

[ 2018-09-26T09:58:29+08:00 ] 127.0.0.1 /index.php?s=/Home/job/cards&
INFO: [ app_init ] --START--
INFO: Run Behavior\BuildLiteBehavior [ RunTime:0.000000s ]
INFO: Run Common\Behavior\InitHookBehavior [ RunTime:0.001000s ]
INFO: [ app_init ] --END-- [ RunTime:0.002000s ]
INFO: [ app_begin ] --START--
INFO: Run Behavior\ReadHtmlCacheBehavior [ RunTime:0.001000s ]
INFO: [ app_begin ] --END-- [ RunTime:0.001000s ]
SQL: SHOW COLUMNS FROM `app_config` [ RunTime:0.0040s ]
SQL: SELECT `type`,`name`,`value` FROM `app_config` WHERE `status` = 1  [ RunTime:0.0010s ]
SQL: SHOW COLUMNS FROM `app_card` [ RunTime:0.0040s ]
SQL: SELECT `category` FROM `app_card`  [ RunTime:0.0010s ]

[ 2018-09-26T09:58:29+08:00 ] 127.0.0.1 /index.php?s=/Home/job/civilians&
INFO: [ app_init ] --START--
INFO: Run Behavior\BuildLiteBehavior [ RunTime:0.000000s ]
INFO: Run Common\Behavior\InitHookBehavior [ RunTime:0.002000s ]
INFO: [ app_init ] --END-- [ RunTime:0.002000s ]
INFO: [ app_begin ] --START--
INFO: Run Behavior\ReadHtmlCacheBehavior [ RunTime:0.001000s ]
INFO: [ app_begin ] --END-- [ RunTime:0.001000s ]
SQL: SHOW COLUMNS FROM `app_config` [ RunTime:0.0040s ]
SQL: SELECT `type`,`name`,`value` FROM `app_config` WHERE `status` = 1  [ RunTime:0.0010s ]
SQL: SHOW COLUMNS FROM `app_convenient` [ RunTime:0.0040s ]
SQL: SELECT `title`,`content` FROM `app_convenient` WHERE ( status=1 )  [ RunTime:0.0000s ]

[ 2018-09-26T09:58:33+08:00 ] 127.0.0.1 /index.php?s=/Home/job/index&
INFO: [ app_init ] --START--
INFO: Run Behavior\BuildLiteBehavior [ RunTime:0.000000s ]
INFO: Run Common\Behavior\InitHookBehavior [ RunTime:0.002000s ]
INFO: [ app_init ] --END-- [ RunTime:0.002000s ]
INFO: [ app_begin ] --START--
INFO: Run Behavior\ReadHtmlCacheBehavior [ RunTime:0.000000s ]
INFO: [ app_begin ] --END-- [ RunTime:0.000000s ]
SQL: SHOW COLUMNS FROM `app_config` [ RunTime:0.0040s ]
SQL: SELECT `type`,`name`,`value` FROM `app_config` WHERE `status` = 1  [ RunTime:0.0000s ]
SQL: SHOW COLUMNS FROM `app_company` [ RunTime:0.0040s ]
SQL: SELECT `companyname`,`pay`,`jobinten`,`jobtitle`,`jobfield` FROM `app_company`  [ RunTime:0.0000s ]

[ 2018-09-26T09:58:33+08:00 ] 127.0.0.1 /index.php?s=/Home/job/index&
INFO: [ app_init ] --START--
INFO: Run Behavior\BuildLiteBehavior [ RunTime:0.000000s ]
INFO: Run Common\Behavior\InitHookBehavior [ RunTime:0.002001s ]
INFO: [ app_init ] --END-- [ RunTime:0.002001s ]
INFO: [ app_begin ] --START--
INFO: Run Behavior\ReadHtmlCacheBehavior [ RunTime:0.001000s ]
INFO: [ app_begin ] --END-- [ RunTime:0.001000s ]
SQL: SHOW COLUMNS FROM `app_config` [ RunTime:0.0040s ]
SQL: SELECT `type`,`name`,`value` FROM `app_config` WHERE `status` = 1  [ RunTime:0.0000s ]
SQL: SHOW COLUMNS FROM `app_company` [ RunTime:0.0050s ]
SQL: SELECT `companyname`,`pay`,`jobinten`,`jobtitle`,`jobfield` FROM `app_company`  [ RunTime:0.0010s ]

[ 2018-09-26T09:58:41+08:00 ] 127.0.0.1 /index.php?s=/Home/job/work&
INFO: [ app_init ] --START--
INFO: Run Behavior\BuildLiteBehavior [ RunTime:0.000000s ]
INFO: Run Common\Behavior\InitHookBehavior [ RunTime:0.005000s ]
INFO: [ app_init ] --END-- [ RunTime:0.006000s ]
INFO: [ app_begin ] --START--
INFO: Run Behavior\ReadHtmlCacheBehavior [ RunTime:0.001000s ]
INFO: [ app_begin ] --END-- [ RunTime:0.002000s ]
SQL: SHOW COLUMNS FROM `app_config` [ RunTime:0.0040s ]
SQL: SELECT `type`,`name`,`value` FROM `app_config` WHERE `status` = 1  [ RunTime:0.0010s ]
SQL: SHOW COLUMNS FROM `app_company` [ RunTime:0.0050s ]
NOTIC: [8] Undefined index: title E:\resume_app_background\resume_app_background\Application\Home\Controller\JobController.class.php 第 89 行.
SQL: SELECT `companyname`,`pay`,`jobinten`,`jobtitle`,`jobfield` FROM `app_company` WHERE `title` = null  [ RunTime:0.0000s ]

[ 2018-09-26T09:58:41+08:00 ] 127.0.0.1 /index.php?s=/Home/job/work&
INFO: [ app_init ] --START--
INFO: Run Behavior\BuildLiteBehavior [ RunTime:0.000000s ]
INFO: Run Common\Behavior\InitHookBehavior [ RunTime:0.000000s ]
INFO: [ app_init ] --END-- [ RunTime:0.000000s ]
INFO: [ app_begin ] --START--
INFO: Run Behavior\ReadHtmlCacheBehavior [ RunTime:0.000000s ]
INFO: [ app_begin ] --END-- [ RunTime:0.000000s ]
SQL: SHOW COLUMNS FROM `app_config` [ RunTime:0.0000s ]
SQL: SELECT `type`,`name`,`value` FROM `app_config` WHERE `status` = 1  [ RunTime:0.0000s ]
SQL: SHOW COLUMNS FROM `app_company` [ RunTime:0.0100s ]
SQL: SELECT `companyname`,`pay`,`jobinten`,`jobtitle`,`jobfield` FROM `app_company` WHERE `title` = '人事/行政/后勤'  [ RunTime:0.0000s ]

[ 2018-09-26T09:58:44+08:00 ] 127.0.0.1 /index.php?s=/Home/job/work&
INFO: [ app_init ] --START--
INFO: Run Behavior\BuildLiteBehavior [ RunTime:0.000000s ]
INFO: Run Common\Behavior\InitHookBehavior [ RunTime:0.002000s ]
INFO: [ app_init ] --END-- [ RunTime:0.002000s ]
INFO: [ app_begin ] --START--
INFO: Run Behavior\ReadHtmlCacheBehavior [ RunTime:0.001000s ]
INFO: [ app_begin ] --END-- [ RunTime:0.001000s ]
SQL: SHOW COLUMNS FROM `app_config` [ RunTime:0.0040s ]
SQL: SELECT `type`,`name`,`value` FROM `app_config` WHERE `status` = 1  [ RunTime:0.0000s ]
SQL: SHOW COLUMNS FROM `app_company` [ RunTime:0.0050s ]
SQL: SELECT `companyname`,`pay`,`jobinten`,`jobtitle`,`jobfield` FROM `app_company` WHERE `title` = '物流/仓储'  [ RunTime:0.0010s ]

[ 2018-09-26T09:58:47+08:00 ] 127.0.0.1 /index.php?s=/Home/job/work&
INFO: [ app_init ] --START--
INFO: Run Behavior\BuildLiteBehavior [ RunTime:0.000000s ]
INFO: Run Common\Behavior\InitHookBehavior [ RunTime:0.002000s ]
INFO: [ app_init ] --END-- [ RunTime:0.003000s ]
INFO: [ app_begin ] --START--
INFO: Run Behavior\ReadHtmlCacheBehavior [ RunTime:0.000000s ]
INFO: [ app_begin ] --END-- [ RunTime:0.000000s ]
SQL: SHOW COLUMNS FROM `app_config` [ RunTime:0.0000s ]
SQL: SELECT `type`,`name`,`value` FROM `app_config` WHERE `status` = 1  [ RunTime:0.0000s ]
SQL: SHOW COLUMNS FROM `app_company` [ RunTime:0.0000s ]
NOTIC: [8] Undefined index: title E:\resume_app_background\resume_app_background\Application\Home\Controller\JobController.class.php 第 89 行.
SQL: SELECT `companyname`,`pay`,`jobinten`,`jobtitle`,`jobfield` FROM `app_company` WHERE `title` = null  [ RunTime:0.0100s ]

[ 2018-09-26T09:58:47+08:00 ] 127.0.0.1 /index.php?s=/Home/job/work&
INFO: [ app_init ] --START--
INFO: Run Behavior\BuildLiteBehavior [ RunTime:0.000000s ]
INFO: Run Common\Behavior\InitHookBehavior [ RunTime:0.010000s ]
INFO: [ app_init ] --END-- [ RunTime:0.010000s ]
INFO: [ app_begin ] --START--
INFO: Run Behavior\ReadHtmlCacheBehavior [ RunTime:0.000000s ]
INFO: [ app_begin ] --END-- [ RunTime:0.000000s ]
SQL: SHOW COLUMNS FROM `app_config` [ RunTime:0.0000s ]
SQL: SELECT `type`,`name`,`value` FROM `app_config` WHERE `status` = 1  [ RunTime:0.0000s ]
SQL: SHOW COLUMNS FROM `app_company` [ RunTime:0.0000s ]
SQL: SELECT `companyname`,`pay`,`jobinten`,`jobtitle`,`jobfield` FROM `app_company` WHERE `title` = '服装/纺织/食品'  [ RunTime:0.0000s ]

[ 2018-09-26T09:58:51+08:00 ] 127.0.0.1 /index.php?s=/Home/job/work&
INFO: [ app_init ] --START--
INFO: Run Behavior\BuildLiteBehavior [ RunTime:0.000000s ]
INFO: Run Common\Behavior\InitHookBehavior [ RunTime:0.002000s ]
INFO: [ app_init ] --END-- [ RunTime:0.002000s ]
INFO: [ app_begin ] --START--
INFO: Run Behavior\ReadHtmlCacheBehavior [ RunTime:0.001000s ]
INFO: [ app_begin ] --END-- [ RunTime:0.002000s ]
SQL: SHOW COLUMNS FROM `app_config` [ RunTime:0.0040s ]
SQL: SELECT `type`,`name`,`value` FROM `app_config` WHERE `status` = 1  [ RunTime:0.0010s ]
SQL: SHOW COLUMNS FROM `app_company` [ RunTime:0.0040s ]
SQL: SELECT `companyname`,`pay`,`jobinten`,`jobtitle`,`jobfield` FROM `app_company` WHERE `title` = '司机/交通'  [ RunTime:0.0000s ]

[ 2018-09-26T09:58:57+08:00 ] 127.0.0.1 /index.php?s=/Home/index/hot&
INFO: [ app_init ] --START--
INFO: Run Behavior\BuildLiteBehavior [ RunTime:0.000000s ]
INFO: Run Common\Behavior\InitHookBehavior [ RunTime:0.001000s ]
INFO: [ app_init ] --END-- [ RunTime:0.002000s ]
INFO: [ app_begin ] --START--
INFO: Run Behavior\ReadHtmlCacheBehavior [ RunTime:0.000000s ]
INFO: [ app_begin ] --END-- [ RunTime:0.001000s ]
SQL: SHOW COLUMNS FROM `app_config` [ RunTime:0.0050s ]
SQL: SELECT `type`,`name`,`value` FROM `app_config` WHERE `status` = 1  [ RunTime:0.0000s ]
SQL: SHOW COLUMNS FROM `app_company` [ RunTime:0.0040s ]
SQL: SELECT `jobinten` FROM `app_company` WHERE ( jobinten is not null )  [ RunTime:0.0000s ]

[ 2018-09-26T09:58:57+08:00 ] 127.0.0.1 /index.php?s=/Home/index/picture&
INFO: [ app_init ] --START--
INFO: Run Behavior\BuildLiteBehavior [ RunTime:0.000000s ]
INFO: Run Common\Behavior\InitHookBehavior [ RunTime:0.003000s ]
INFO: [ app_init ] --END-- [ RunTime:0.004000s ]
INFO: [ app_begin ] --START--
INFO: Run Behavior\ReadHtmlCacheBehavior [ RunTime:0.001000s ]
INFO: [ app_begin ] --END-- [ RunTime:0.001000s ]
SQL: SHOW COLUMNS FROM `app_config` [ RunTime:0.0050s ]
SQL: SELECT `type`,`name`,`value` FROM `app_config` WHERE `status` = 1  [ RunTime:0.0000s ]
SQL: SHOW COLUMNS FROM `app_notice` [ RunTime:0.0040s ]
SQL: SELECT * FROM `app_notice`  [ RunTime:0.0210s ]

[ 2018-09-26T09:58:57+08:00 ] 127.0.0.1 /index.php?s=/Home/index/hot&
INFO: [ app_init ] --START--
INFO: Run Behavior\BuildLiteBehavior [ RunTime:0.000000s ]
INFO: Run Common\Behavior\InitHookBehavior [ RunTime:0.002000s ]
INFO: [ app_init ] --END-- [ RunTime:0.002000s ]
INFO: [ app_begin ] --START--
INFO: Run Behavior\ReadHtmlCacheBehavior [ RunTime:0.001000s ]
INFO: [ app_begin ] --END-- [ RunTime:0.001000s ]
SQL: SHOW COLUMNS FROM `app_config` [ RunTime:0.0110s ]
SQL: SELECT `type`,`name`,`value` FROM `app_config` WHERE `status` = 1  [ RunTime:0.0030s ]
SQL: SHOW COLUMNS FROM `app_company` [ RunTime:0.0080s ]
SQL: SELECT `jobinten` FROM `app_company` WHERE ( jobinten is not null )  [ RunTime:0.0000s ]

[ 2018-09-26T09:58:57+08:00 ] 127.0.0.1 /index.php?s=/Home/index/recommend&
INFO: [ app_init ] --START--
INFO: Run Behavior\BuildLiteBehavior [ RunTime:0.000000s ]
INFO: Run Common\Behavior\InitHookBehavior [ RunTime:0.002000s ]
INFO: [ app_init ] --END-- [ RunTime:0.003000s ]
INFO: [ app_begin ] --START--
INFO: Run Behavior\ReadHtmlCacheBehavior [ RunTime:0.001000s ]
INFO: [ app_begin ] --END-- [ RunTime:0.001000s ]
SQL: SHOW COLUMNS FROM `app_config` [ RunTime:0.0040s ]
SQL: SELECT `type`,`name`,`value` FROM `app_config` WHERE `status` = 1  [ RunTime:0.0010s ]
SQL: SHOW COLUMNS FROM `app_company` [ RunTime:0.0030s ]
SQL: SELECT `companyname`,`pay`,`jobinten`,`jobtitle`,`jobfield` FROM `app_company` WHERE ( jobinten is not null ) LIMIT 10   [ RunTime:0.0000s ]

[ 2018-09-26T09:58:57+08:00 ] 127.0.0.1 /index.php?s=/Home/index/picture&
INFO: [ app_init ] --START--
INFO: Run Behavior\BuildLiteBehavior [ RunTime:0.000000s ]
INFO: Run Common\Behavior\InitHookBehavior [ RunTime:0.002001s ]
INFO: [ app_init ] --END-- [ RunTime:0.003001s ]
INFO: [ app_begin ] --START--
INFO: Run Behavior\ReadHtmlCacheBehavior [ RunTime:0.001000s ]
INFO: [ app_begin ] --END-- [ RunTime:0.001000s ]
SQL: SHOW COLUMNS FROM `app_config` [ RunTime:0.0040s ]
SQL: SELECT `type`,`name`,`value` FROM `app_config` WHERE `status` = 1  [ RunTime:0.0010s ]
SQL: SHOW COLUMNS FROM `app_notice` [ RunTime:0.0040s ]
SQL: SELECT * FROM `app_notice`  [ RunTime:0.0010s ]

[ 2018-09-26T09:58:57+08:00 ] 127.0.0.1 /index.php?s=/Home/index/recommend&
INFO: [ app_init ] --START--
INFO: Run Behavior\BuildLiteBehavior [ RunTime:0.000000s ]
INFO: Run Common\Behavior\InitHookBehavior [ RunTime:0.001000s ]
INFO: [ app_init ] --END-- [ RunTime:0.002000s ]
INFO: [ app_begin ] --START--
INFO: Run Behavior\ReadHtmlCacheBehavior [ RunTime:0.000000s ]
INFO: [ app_begin ] --END-- [ RunTime:0.000000s ]
SQL: SHOW COLUMNS FROM `app_config` [ RunTime:0.0040s ]
SQL: SELECT `type`,`name`,`value` FROM `app_config` WHERE `status` = 1  [ RunTime:0.0010s ]
SQL: SHOW COLUMNS FROM `app_company` [ RunTime:0.0040s ]
SQL: SELECT `companyname`,`pay`,`jobinten`,`jobtitle`,`jobfield` FROM `app_company` WHERE ( jobinten is not null ) LIMIT 10   [ RunTime:0.0000s ]

[ 2018-09-26T11:24:17+08:00 ] 127.0.0.1 /index.php?s=/Home/index/recommend&
INFO: [ app_init ] --START--
INFO: Run Behavior\BuildLiteBehavior [ RunTime:0.000000s ]
INFO: Run Common\Behavior\InitHookBehavior [ RunTime:0.003000s ]
INFO: [ app_init ] --END-- [ RunTime:0.004000s ]
INFO: [ app_begin ] --START--
INFO: Run Behavior\ReadHtmlCacheBehavior [ RunTime:0.001000s ]
INFO: [ app_begin ] --END-- [ RunTime:0.001000s ]
SQL: SHOW COLUMNS FROM `app_config` [ RunTime:0.0040s ]
SQL: SELECT `type`,`name`,`value` FROM `app_config` WHERE `status` = 1  [ RunTime:0.0010s ]
SQL: SHOW COLUMNS FROM `app_company` [ RunTime:0.0040s ]
SQL: SELECT `companyname`,`pay`,`jobinten`,`jobtitle`,`jobfield` FROM `app_company` WHERE ( jobinten is not null ) LIMIT 10   [ RunTime:0.0000s ]

[ 2018-09-26T11:24:17+08:00 ] 127.0.0.1 /index.php?s=/Home/index/picture&
INFO: [ app_init ] --START--
INFO: Run Behavior\BuildLiteBehavior [ RunTime:0.000000s ]
INFO: Run Common\Behavior\InitHookBehavior [ RunTime:0.003000s ]
INFO: [ app_init ] --END-- [ RunTime:0.003000s ]
INFO: [ app_begin ] --START--
INFO: Run Behavior\ReadHtmlCacheBehavior [ RunTime:0.001000s ]
INFO: [ app_begin ] --END-- [ RunTime:0.001000s ]
SQL: SHOW COLUMNS FROM `app_config` [ RunTime:0.0040s ]
SQL: SELECT `type`,`name`,`value` FROM `app_config` WHERE `status` = 1  [ RunTime:0.0000s ]
SQL: SHOW COLUMNS FROM `app_notice` [ RunTime:0.0040s ]
SQL: SELECT * FROM `app_notice`  [ RunTime:0.0020s ]

[ 2018-09-26T11:24:17+08:00 ] 127.0.0.1 /index.php?s=/Home/index/recommend&
INFO: [ app_init ] --START--
INFO: Run Behavior\BuildLiteBehavior [ RunTime:0.000000s ]
INFO: Run Common\Behavior\InitHookBehavior [ RunTime:0.002000s ]
INFO: [ app_init ] --END-- [ RunTime:0.002000s ]
INFO: [ app_begin ] --START--
INFO: Run Behavior\ReadHtmlCacheBehavior [ RunTime:0.000000s ]
INFO: [ app_begin ] --END-- [ RunTime:0.000000s ]
SQL: SHOW COLUMNS FROM `app_config` [ RunTime:0.0050s ]
SQL: SELECT `type`,`name`,`value` FROM `app_config` WHERE `status` = 1  [ RunTime:0.0010s ]
SQL: SHOW COLUMNS FROM `app_company` [ RunTime:0.0040s ]
SQL: SELECT `companyname`,`pay`,`jobinten`,`jobtitle`,`jobfield` FROM `app_company` WHERE ( jobinten is not null ) LIMIT 10   [ RunTime:0.0010s ]

[ 2018-09-26T11:24:17+08:00 ] 127.0.0.1 /index.php?s=/Home/index/picture&
INFO: [ app_init ] --START--
INFO: Run Behavior\BuildLiteBehavior [ RunTime:0.000000s ]
INFO: Run Common\Behavior\InitHookBehavior [ RunTime:0.002001s ]
INFO: [ app_init ] --END-- [ RunTime:0.003001s ]
INFO: [ app_begin ] --START--
INFO: Run Behavior\ReadHtmlCacheBehavior [ RunTime:0.000000s ]
INFO: [ app_begin ] --END-- [ RunTime:0.000000s ]
SQL: SHOW COLUMNS FROM `app_config` [ RunTime:0.0040s ]
SQL: SELECT `type`,`name`,`value` FROM `app_config` WHERE `status` = 1  [ RunTime:0.0040s ]
SQL: SHOW COLUMNS FROM `app_notice` [ RunTime:0.0060s ]
SQL: SELECT * FROM `app_notice`  [ RunTime:0.0010s ]

[ 2018-09-26T11:24:17+08:00 ] 127.0.0.1 /index.php?s=/Home/index/hot&
INFO: [ app_init ] --START--
INFO: Run Behavior\BuildLiteBehavior [ RunTime:0.000000s ]
INFO: Run Common\Behavior\InitHookBehavior [ RunTime:0.003000s ]
INFO: [ app_init ] --END-- [ RunTime:0.004000s ]
INFO: [ app_begin ] --START--
INFO: Run Behavior\ReadHtmlCacheBehavior [ RunTime:0.001000s ]
INFO: [ app_begin ] --END-- [ RunTime:0.001000s ]
SQL: SHOW COLUMNS FROM `app_config` [ RunTime:0.0050s ]
SQL: SELECT `type`,`name`,`value` FROM `app_config` WHERE `status` = 1  [ RunTime:0.0010s ]
SQL: SHOW COLUMNS FROM `app_company` [ RunTime:0.0110s ]
SQL: SELECT `jobinten` FROM `app_company` WHERE ( jobinten is not null )  [ RunTime:0.0010s ]

[ 2018-09-26T11:24:17+08:00 ] 127.0.0.1 /index.php?s=/Home/index/hot&
INFO: [ app_init ] --START--
INFO: Run Behavior\BuildLiteBehavior [ RunTime:0.000000s ]
INFO: Run Common\Behavior\InitHookBehavior [ RunTime:0.002000s ]
INFO: [ app_init ] --END-- [ RunTime:0.003000s ]
INFO: [ app_begin ] --START--
INFO: Run Behavior\ReadHtmlCacheBehavior [ RunTime:0.000000s ]
INFO: [ app_begin ] --END-- [ RunTime:0.000000s ]
SQL: SHOW COLUMNS FROM `app_config` [ RunTime:0.0070s ]
SQL: SELECT `type`,`name`,`value` FROM `app_config` WHERE `status` = 1  [ RunTime:0.0010s ]
SQL: SHOW COLUMNS FROM `app_company` [ RunTime:0.0040s ]
SQL: SELECT `jobinten` FROM `app_company` WHERE ( jobinten is not null )  [ RunTime:0.0000s ]

[ 2018-09-26T11:24:27+08:00 ] 127.0.0.1 /index.php?s=/Home/index/recommend&
INFO: [ app_init ] --START--
INFO: Run Behavior\BuildLiteBehavior [ RunTime:0.000000s ]
INFO: Run Common\Behavior\InitHookBehavior [ RunTime:0.002000s ]
INFO: [ app_init ] --END-- [ RunTime:0.002000s ]
INFO: [ app_begin ] --START--
INFO: Run Behavior\ReadHtmlCacheBehavior [ RunTime:0.001000s ]
INFO: [ app_begin ] --END-- [ RunTime:0.001000s ]
SQL: SHOW COLUMNS FROM `app_config` [ RunTime:0.0050s ]
SQL: SELECT `type`,`name`,`value` FROM `app_config` WHERE `status` = 1  [ RunTime:0.0010s ]
SQL: SHOW COLUMNS FROM `app_company` [ RunTime:0.0070s ]
SQL: SELECT `companyname`,`pay`,`jobinten`,`jobtitle`,`jobfield` FROM `app_company` WHERE ( jobinten is not null ) LIMIT 10   [ RunTime:0.0020s ]

[ 2018-09-26T11:24:27+08:00 ] 127.0.0.1 /index.php?s=/Home/index/hot&
INFO: [ app_init ] --START--
INFO: Run Behavior\BuildLiteBehavior [ RunTime:0.000000s ]
INFO: Run Common\Behavior\InitHookBehavior [ RunTime:0.002000s ]
INFO: [ app_init ] --END-- [ RunTime:0.008001s ]
INFO: [ app_begin ] --START--
INFO: Run Behavior\ReadHtmlCacheBehavior [ RunTime:0.001000s ]
INFO: [ app_begin ] --END-- [ RunTime:0.001000s ]
SQL: SHOW COLUMNS FROM `app_config` [ RunTime:0.0040s ]
SQL: SELECT `type`,`name`,`value` FROM `app_config` WHERE `status` = 1  [ RunTime:0.0000s ]
SQL: SHOW COLUMNS FROM `app_company` [ RunTime:0.0070s ]
SQL: SELECT `jobinten` FROM `app_company` WHERE ( jobinten is not null )  [ RunTime:0.0000s ]

[ 2018-09-26T11:24:27+08:00 ] 127.0.0.1 /index.php?s=/Home/index/recommend&
INFO: [ app_init ] --START--
INFO: Run Behavior\BuildLiteBehavior [ RunTime:0.000000s ]
INFO: Run Common\Behavior\InitHookBehavior [ RunTime:0.001000s ]
INFO: [ app_init ] --END-- [ RunTime:0.002000s ]
INFO: [ app_begin ] --START--
INFO: Run Behavior\ReadHtmlCacheBehavior [ RunTime:0.000000s ]
INFO: [ app_begin ] --END-- [ RunTime:0.001000s ]
SQL: SHOW COLUMNS FROM `app_config` [ RunTime:0.0060s ]
SQL: SELECT `type`,`name`,`value` FROM `app_config` WHERE `status` = 1  [ RunTime:0.0000s ]
SQL: SHOW COLUMNS FROM `app_company` [ RunTime:0.0040s ]
SQL: SELECT `companyname`,`pay`,`jobinten`,`jobtitle`,`jobfield` FROM `app_company` WHERE ( jobinten is not null ) LIMIT 10   [ RunTime:0.0000s ]

[ 2018-09-26T11:24:27+08:00 ] 127.0.0.1 /index.php?s=/Home/index/picture&
INFO: [ app_init ] --START--
INFO: Run Behavior\BuildLiteBehavior [ RunTime:0.000000s ]
INFO: Run Common\Behavior\InitHookBehavior [ RunTime:0.003000s ]
INFO: [ app_init ] --END-- [ RunTime:0.003000s ]
INFO: [ app_begin ] --START--
INFO: Run Behavior\ReadHtmlCacheBehavior [ RunTime:0.001000s ]
INFO: [ app_begin ] --END-- [ RunTime:0.001000s ]
SQL: SHOW COLUMNS FROM `app_config` [ RunTime:0.0060s ]
SQL: SELECT `type`,`name`,`value` FROM `app_config` WHERE `status` = 1  [ RunTime:0.0010s ]
SQL: SHOW COLUMNS FROM `app_notice` [ RunTime:0.0040s ]
SQL: SELECT * FROM `app_notice`  [ RunTime:0.0010s ]

[ 2018-09-26T11:24:27+08:00 ] 127.0.0.1 /index.php?s=/Home/index/hot&
INFO: [ app_init ] --START--
INFO: Run Behavior\BuildLiteBehavior [ RunTime:0.000000s ]
INFO: Run Common\Behavior\InitHookBehavior [ RunTime:0.002000s ]
INFO: [ app_init ] --END-- [ RunTime:0.002000s ]
INFO: [ app_begin ] --START--
INFO: Run Behavior\ReadHtmlCacheBehavior [ RunTime:0.000000s ]
INFO: [ app_begin ] --END-- [ RunTime:0.001000s ]
SQL: SHOW COLUMNS FROM `app_config` [ RunTime:0.0040s ]
SQL: SELECT `type`,`name`,`value` FROM `app_config` WHERE `status` = 1  [ RunTime:0.0010s ]
SQL: SHOW COLUMNS FROM `app_company` [ RunTime:0.0040s ]
SQL: SELECT `jobinten` FROM `app_company` WHERE ( jobinten is not null )  [ RunTime:0.0010s ]

[ 2018-09-26T11:24:27+08:00 ] 127.0.0.1 /index.php?s=/Home/index/picture&
INFO: [ app_init ] --START--
INFO: Run Behavior\BuildLiteBehavior [ RunTime:0.000000s ]
INFO: Run Common\Behavior\InitHookBehavior [ RunTime:0.002000s ]
INFO: [ app_init ] --END-- [ RunTime:0.002000s ]
INFO: [ app_begin ] --START--
INFO: Run Behavior\ReadHtmlCacheBehavior [ RunTime:0.000000s ]
INFO: [ app_begin ] --END-- [ RunTime:0.000000s ]
SQL: SHOW COLUMNS FROM `app_config` [ RunTime:0.0040s ]
SQL: SELECT `type`,`name`,`value` FROM `app_config` WHERE `status` = 1  [ RunTime:0.0010s ]
SQL: SHOW COLUMNS FROM `app_notice` [ RunTime:0.0040s ]
SQL: SELECT * FROM `app_notice`  [ RunTime:0.0000s ]

[ 2018-09-26T14:08:17+08:00 ] 127.0.0.1 /index.php?s=/Home/index/fulltime&
INFO: [ app_init ] --START--
INFO: Run Behavior\BuildLiteBehavior [ RunTime:0.000000s ]
INFO: Run Common\Behavior\InitHookBehavior [ RunTime:0.005000s ]
INFO: [ app_init ] --END-- [ RunTime:0.006000s ]
INFO: [ app_begin ] --START--
INFO: Run Behavior\ReadHtmlCacheBehavior [ RunTime:0.001000s ]
INFO: [ app_begin ] --END-- [ RunTime:0.001000s ]
SQL: SHOW COLUMNS FROM `app_config` [ RunTime:0.0050s ]
SQL: SELECT `type`,`name`,`value` FROM `app_config` WHERE `status` = 1  [ RunTime:0.0000s ]
SQL: SHOW COLUMNS FROM `app_company` [ RunTime:0.0040s ]
NOTIC: [8] Undefined index: fulltime E:\resume_app_background\resume_app_background\Application\Home\Controller\IndexController.class.php 第 145 行.
SQL: SELECT `companyname`,`pay`,`jobinten`,`jobtitle`,`jobfield` FROM `app_company` WHERE `fulltime` = null  [ RunTime:0.0000s ]

[ 2018-09-26T14:08:17+08:00 ] 127.0.0.1 /index.php?s=/Home/index/fulltime&
INFO: [ app_init ] --START--
INFO: Run Behavior\BuildLiteBehavior [ RunTime:0.000000s ]
INFO: Run Common\Behavior\InitHookBehavior [ RunTime:0.002000s ]
INFO: [ app_init ] --END-- [ RunTime:0.002000s ]
INFO: [ app_begin ] --START--
INFO: Run Behavior\ReadHtmlCacheBehavior [ RunTime:0.000000s ]
INFO: [ app_begin ] --END-- [ RunTime:0.000000s ]
SQL: SHOW COLUMNS FROM `app_config` [ RunTime:0.0040s ]
SQL: SELECT `type`,`name`,`value` FROM `app_config` WHERE `status` = 1  [ RunTime:0.0000s ]
SQL: SHOW COLUMNS FROM `app_company` [ RunTime:0.0060s ]
SQL: SELECT `companyname`,`pay`,`jobinten`,`jobtitle`,`jobfield` FROM `app_company` WHERE `fulltime` = 0  [ RunTime:0.0000s ]

[ 2018-09-26T14:08:18+08:00 ] 127.0.0.1 /index.php?s=/Home/job/details&
INFO: [ app_init ] --START--
INFO: Run Behavior\BuildLiteBehavior [ RunTime:0.000000s ]
INFO: Run Common\Behavior\InitHookBehavior [ RunTime:0.003000s ]
INFO: [ app_init ] --END-- [ RunTime:0.004000s ]
INFO: [ app_begin ] --START--
INFO: Run Behavior\ReadHtmlCacheBehavior [ RunTime:0.001000s ]
INFO: [ app_begin ] --END-- [ RunTime:0.001000s ]
SQL: SHOW COLUMNS FROM `app_config` [ RunTime:0.0050s ]
SQL: SELECT `type`,`name`,`value` FROM `app_config` WHERE `status` = 1  [ RunTime:0.0010s ]
NOTIC: [8] Undefined index: companyname E:\resume_app_background\resume_app_background\Application\Home\Controller\JobController.class.php 第 162 行.
NOTIC: [8] Undefined index: jobinten E:\resume_app_background\resume_app_background\Application\Home\Controller\JobController.class.php 第 163 行.
SQL: SHOW COLUMNS FROM `app_company` [ RunTime:0.0050s ]
SQL: SELECT * FROM `app_company` WHERE `companyname` = null AND `jobinten` = null LIMIT 1   [ RunTime:0.0000s ]

[ 2018-09-26T14:08:18+08:00 ] 127.0.0.1 /index.php?s=/Home/job/details&
INFO: [ app_init ] --START--
INFO: Run Behavior\BuildLiteBehavior [ RunTime:0.000000s ]
INFO: Run Common\Behavior\InitHookBehavior [ RunTime:0.001000s ]
INFO: [ app_init ] --END-- [ RunTime:0.002000s ]
INFO: [ app_begin ] --START--
INFO: Run Behavior\ReadHtmlCacheBehavior [ RunTime:0.001000s ]
INFO: [ app_begin ] --END-- [ RunTime:0.001000s ]
SQL: SHOW COLUMNS FROM `app_config` [ RunTime:0.0040s ]
SQL: SELECT `type`,`name`,`value` FROM `app_config` WHERE `status` = 1  [ RunTime:0.0000s ]
SQL: SHOW COLUMNS FROM `app_company` [ RunTime:0.0040s ]
SQL: SELECT * FROM `app_company` WHERE `companyname` = '德玛西亚之力' AND `jobinten` = '销售' LIMIT 1   [ RunTime:0.0010s ]

