[ 2018-09-16T13:16:45+08:00 ] 127.0.0.1 /index.php?s=/Admin/Menu/index/pid/2.html
INFO: [ app_init ] --START--
INFO: Run Behavior\BuildLiteBehavior [ RunTime:0.000020s ]
INFO: Run Common\Behavior\InitHookBehavior [ RunTime:0.003776s ]
INFO: [ app_init ] --END-- [ RunTime:0.004460s ]
INFO: [ app_begin ] --START--
INFO: Run Behavior\ReadHtmlCacheBehavior [ RunTime:0.000949s ]
INFO: [ app_begin ] --END-- [ RunTime:0.001023s ]

[ 2018-09-16T13:16:46+08:00 ] 127.0.0.1 /index.php?s=/Admin/Public/login.html
INFO: [ app_init ] --START--
INFO: Run Behavior\BuildLiteBehavior [ RunTime:0.000012s ]
INFO: Run Common\Behavior\InitHookBehavior [ RunTime:0.002102s ]
INFO: [ app_init ] --END-- [ RunTime:0.002590s ]
INFO: [ app_begin ] --START--
INFO: Run Behavior\ReadHtmlCacheBehavior [ RunTime:0.000788s ]
INFO: [ app_begin ] --END-- [ RunTime:0.000837s ]
INFO: [ view_parse ] --START--
INFO: [ template_filter ] --START--
INFO: Run Behavior\ContentReplaceBehavior [ RunTime:0.000062s ]
INFO: [ template_filter ] --END-- [ RunTime:0.000129s ]
INFO: Run Behavior\ParseTemplateBehavior [ RunTime:0.445470s ]
INFO: [ view_parse ] --END-- [ RunTime:0.445565s ]
INFO: [ view_filter ] --START--
INFO: Run Behavior\WriteHtmlCacheBehavior [ RunTime:0.012352s ]
INFO: [ view_filter ] --END-- [ RunTime:0.012429s ]
INFO: [ app_end ] --START--
INFO: Run Behavior\ShowPageTraceBehavior [ RunTime:0.002954s ]
INFO: [ app_end ] --END-- [ RunTime:0.003013s ]

[ 2018-09-16T13:16:46+08:00 ] 127.0.0.1 /index.php?s=/Admin/Public/verify.html
INFO: [ app_init ] --START--
INFO: Run Behavior\BuildLiteBehavior [ RunTime:0.000011s ]
INFO: Run Common\Behavior\InitHookBehavior [ RunTime:0.003415s ]
INFO: [ app_init ] --END-- [ RunTime:0.004040s ]
INFO: [ app_begin ] --START--
INFO: Run Behavior\ReadHtmlCacheBehavior [ RunTime:0.000813s ]
INFO: [ app_begin ] --END-- [ RunTime:0.000860s ]
INFO: [ app_end ] --START--
INFO: Run Behavior\ShowPageTraceBehavior [ RunTime:0.001066s ]
INFO: [ app_end ] --END-- [ RunTime:0.001132s ]

[ 2018-09-16T13:16:47+08:00 ] 127.0.0.1 /index.php?s=/Admin/Menu/index/pid/2.html
INFO: [ app_init ] --START--
INFO: Run Behavior\BuildLiteBehavior [ RunTime:0.000013s ]
INFO: Run Common\Behavior\InitHookBehavior [ RunTime:0.002945s ]
INFO: [ app_init ] --END-- [ RunTime:0.004333s ]
INFO: [ app_begin ] --START--
INFO: Run Behavior\ReadHtmlCacheBehavior [ RunTime:0.001289s ]
INFO: [ app_begin ] --END-- [ RunTime:0.001378s ]

[ 2018-09-16T13:16:47+08:00 ] 127.0.0.1 /index.php?s=/Admin/Public/verify.html
INFO: [ app_init ] --START--
INFO: Run Behavior\BuildLiteBehavior [ RunTime:0.000012s ]
INFO: Run Common\Behavior\InitHookBehavior [ RunTime:0.002133s ]
INFO: [ app_init ] --END-- [ RunTime:0.002656s ]
INFO: [ app_begin ] --START--
INFO: Run Behavior\ReadHtmlCacheBehavior [ RunTime:0.000799s ]
INFO: [ app_begin ] --END-- [ RunTime:0.000847s ]
INFO: [ app_end ] --START--
INFO: Run Behavior\ShowPageTraceBehavior [ RunTime:0.001383s ]
INFO: [ app_end ] --END-- [ RunTime:0.001577s ]

[ 2018-09-16T13:16:54+08:00 ] 127.0.0.1 /index.php?s=/Admin/Public/login.html
INFO: [ app_init ] --START--
INFO: Run Behavior\BuildLiteBehavior [ RunTime:0.000013s ]
INFO: Run Common\Behavior\InitHookBehavior [ RunTime:0.003072s ]
INFO: [ app_init ] --END-- [ RunTime:0.003687s ]
INFO: [ app_begin ] --START--
INFO: Run Behavior\ReadHtmlCacheBehavior [ RunTime:0.000868s ]
INFO: [ app_begin ] --END-- [ RunTime:0.000927s ]
SQL: SHOW COLUMNS FROM `app_member` [ RunTime:0.0522s ]
SQL: SELECT `uid`,`nickname`,`sex`,`birthday`,`qq`,`score`,`login`,`reg_ip`,`reg_time`,`last_login_ip`,`last_login_time`,`status`,`gender`,`mobile`,`education`,`major`,`workyear`,`email` FROM `app_member` WHERE `uid` = 1 LIMIT 1   [ RunTime:0.0064s ]
SQL: SHOW COLUMNS FROM `app_action` [ RunTime:0.0274s ]
SQL: SELECT * FROM `app_action` WHERE `name` = 'user_login' LIMIT 1   [ RunTime:0.0011s ]
SQL: SHOW COLUMNS FROM `app_action_log` [ RunTime:0.0116s ]
SQL: INSERT INTO `app_action_log` (`action_id`,`user_id`,`action_ip`,`model`,`record_id`,`create_time`,`remark`) VALUES ('1','1','2130706433','member','1','1537075013','Administrator在2018-09-16 13:16登录了后台') [ RunTime:0.0243s ]
SQL: SELECT * FROM `app_action` WHERE `name` = 'user_login' LIMIT 1   [ RunTime:0.0004s ]
NOTIC: [8] Undefined offset: 1 E:\APP\resume_app_background\Application\Common\Common\function.php 第 679 行.
NOTIC: [2] array_key_exists() expects parameter 2 to be array, null given E:\APP\resume_app_background\Application\Common\Common\function.php 第 679 行.
SQL: SELECT COUNT(*) AS tp_count FROM `app_action_log` WHERE `action_id` = 1 AND `user_id` = 1 AND `create_time` > 1536988613 LIMIT 1   [ RunTime:0.0799s ]
SQL: SHOW COLUMNS FROM `app_member` [ RunTime:0.0116s ]
SQL: UPDATE `app_member` SET `score`=score+10 WHERE ( uid=1 AND status>-1 ) [ RunTime:0.0092s ]
SQL: UPDATE `app_member` SET `login`=`login`+1,`last_login_time`='1537075013',`last_login_ip`='2130706433' WHERE `uid` = 1 [ RunTime:0.0004s ]

[ 2018-09-16T13:16:59+08:00 ] 127.0.0.1 /index.php?s=/Admin/Index/index.html
INFO: [ app_init ] --START--
INFO: Run Behavior\BuildLiteBehavior [ RunTime:0.000013s ]
INFO: Run Common\Behavior\InitHookBehavior [ RunTime:0.002797s ]
INFO: [ app_init ] --END-- [ RunTime:0.003471s ]
INFO: [ app_begin ] --START--
INFO: Run Behavior\ReadHtmlCacheBehavior [ RunTime:0.000853s ]
INFO: [ app_begin ] --END-- [ RunTime:0.000903s ]
SQL: SHOW COLUMNS FROM `app_menu` [ RunTime:0.0342s ]
SQL: SELECT `id`,`title`,`url` FROM `app_menu` WHERE `pid` = 0 AND `hide` = 0 ORDER BY `sort` asc  [ RunTime:0.0020s ]
SQL: SELECT `pid` FROM `app_menu` WHERE ( pid !=0 AND url like '%Index/index%' ) LIMIT 1   [ RunTime:0.0010s ]
INFO: [ view_parse ] --START--
INFO: [ template_filter ] --START--
INFO: Run Behavior\ContentReplaceBehavior [ RunTime:0.000111s ]
INFO: [ template_filter ] --END-- [ RunTime:0.000184s ]
INFO: [ AdminIndex ] --START--
SQL: SHOW COLUMNS FROM `app_addons` [ RunTime:0.0213s ]
SQL: SELECT `config` FROM `app_addons` WHERE `name` = 'SiteStat' AND `status` = 1 LIMIT 1   [ RunTime:0.0011s ]
SQL: SHOW COLUMNS FROM `app_member` [ RunTime:0.0115s ]
SQL: SELECT COUNT(*) AS tp_count FROM `app_member` LIMIT 1   [ RunTime:0.0002s ]
SQL: SHOW COLUMNS FROM `app_action_log` [ RunTime:0.0094s ]
SQL: SELECT COUNT(*) AS tp_count FROM `app_action_log` LIMIT 1   [ RunTime:0.0002s ]
SQL: SHOW COLUMNS FROM `app_document` [ RunTime:0.0308s ]
SQL: SELECT COUNT(*) AS tp_count FROM `app_document` LIMIT 1   [ RunTime:0.0003s ]
SQL: SHOW COLUMNS FROM `app_category` [ RunTime:0.0185s ]
SQL: SELECT COUNT(*) AS tp_count FROM `app_category` LIMIT 1   [ RunTime:0.0002s ]
SQL: SHOW COLUMNS FROM `app_model` [ RunTime:0.0194s ]
SQL: SELECT COUNT(*) AS tp_count FROM `app_model` LIMIT 1   [ RunTime:0.0002s ]
INFO: [ view_parse ] --START--
INFO: [ template_filter ] --START--
INFO: Run Behavior\ContentReplaceBehavior [ RunTime:0.000038s ]
INFO: [ template_filter ] --END-- [ RunTime:-0.168026s ]
INFO: Run Behavior\ParseTemplateBehavior [ RunTime:0.003641s ]
INFO: [ view_parse ] --END-- [ RunTime:0.003692s ]
INFO: [ view_filter ] --START--
INFO: Run Behavior\WriteHtmlCacheBehavior [ RunTime:0.000785s ]
INFO: [ view_filter ] --END-- [ RunTime:0.000824s ]
INFO: Run Addons\SiteStat\SiteStatAddon [ RunTime:0.167080s ]
SQL: SELECT `config` FROM `app_addons` WHERE `name` = 'SystemInfo' AND `status` = 1 LIMIT 1   [ RunTime:0.0004s ]
INFO: [ view_parse ] --START--
INFO: [ template_filter ] --START--
INFO: Run Behavior\ContentReplaceBehavior [ RunTime:0.000048s ]
INFO: [ template_filter ] --END-- [ RunTime:-5.315743s ]
SQL: select version() as v; [ RunTime:0.0003s ]
INFO: Run Behavior\ParseTemplateBehavior [ RunTime:0.005561s ]
INFO: [ view_parse ] --END-- [ RunTime:-5.143470s ]
INFO: [ view_filter ] --START--
INFO: Run Behavior\WriteHtmlCacheBehavior [ RunTime:0.000010s ]
INFO: [ view_filter ] --END-- [ RunTime:-5.148261s ]
INFO: Run Addons\SystemInfo\SystemInfoAddon [ RunTime:5.148283s ]
SQL: SELECT `config` FROM `app_addons` WHERE `name` = 'DevTeam' AND `status` = 1 LIMIT 1   [ RunTime:0.0012s ]
INFO: [ view_parse ] --START--
INFO: [ template_filter ] --START--
INFO: Run Behavior\ContentReplaceBehavior [ RunTime:0.000186s ]
INFO: [ template_filter ] --END-- [ RunTime:-5.351672s ]
INFO: Run Behavior\ParseTemplateBehavior [ RunTime:0.013780s ]
INFO: [ view_parse ] --END-- [ RunTime:-5.176081s ]
INFO: [ view_filter ] --START--
INFO: Run Behavior\WriteHtmlCacheBehavior [ RunTime:0.000030s ]
INFO: [ view_filter ] --END-- [ RunTime:-5.189246s ]
INFO: Run Addons\DevTeam\DevTeamAddon [ RunTime:0.041080s ]
INFO: [ AdminIndex ] --END-- [ RunTime:5.356547s ]
INFO: Run Behavior\ParseTemplateBehavior [ RunTime:0.014258s ]
INFO: [ view_parse ] --END-- [ RunTime:-5.176081s ]
INFO: [ view_filter ] --START--
INFO: Run Behavior\WriteHtmlCacheBehavior [ RunTime:0.000025s ]
INFO: [ view_filter ] --END-- [ RunTime:-5.189691s ]
INFO: [ app_end ] --START--
INFO: Run Behavior\ShowPageTraceBehavior [ RunTime:0.002724s ]
INFO: [ app_end ] --END-- [ RunTime:0.002870s ]

[ 2018-09-16T13:17:02+08:00 ] 127.0.0.1 /index.php?s=/Admin/Article/index.html
INFO: [ app_init ] --START--
INFO: Run Behavior\BuildLiteBehavior [ RunTime:0.000011s ]
INFO: Run Common\Behavior\InitHookBehavior [ RunTime:0.003287s ]
INFO: [ app_init ] --END-- [ RunTime:0.003913s ]
INFO: [ app_begin ] --START--
INFO: Run Behavior\ReadHtmlCacheBehavior [ RunTime:0.000840s ]
INFO: [ app_begin ] --END-- [ RunTime:0.000891s ]
SQL: SHOW COLUMNS FROM `app_menu` [ RunTime:0.0131s ]
SQL: SELECT `id`,`title`,`url` FROM `app_menu` WHERE `pid` = 0 AND `hide` = 0 ORDER BY `sort` asc  [ RunTime:0.0004s ]
SQL: SELECT `pid` FROM `app_menu` WHERE ( pid !=0 AND url like '%Article/index%' ) LIMIT 1   [ RunTime:0.0003s ]
SQL: SELECT * FROM `app_menu` WHERE `id` = 2 LIMIT 1   [ RunTime:0.0003s ]
SQL: SELECT DISTINCT  `group` FROM `app_menu` WHERE `group` <> '' AND `pid` = 2  [ RunTime:0.0020s ]
SQL: SELECT `id`,`url` FROM `app_menu` WHERE `pid` = 2 AND `hide` = 0  [ RunTime:0.0004s ]
SQL: SELECT `id`,`pid`,`title`,`url`,`tip` FROM `app_menu` WHERE `group` = '内容' AND `pid` = 2 AND `hide` = 0 ORDER BY `sort` asc  [ RunTime:0.0004s ]
SQL: SELECT `id`,`pid`,`title`,`url`,`tip` FROM `app_menu` WHERE `group` = '我的页面' AND `pid` = 2 AND `hide` = 0 ORDER BY `sort` asc  [ RunTime:0.0004s ]
SQL: SELECT `id`,`pid`,`title`,`url`,`tip` FROM `app_menu` WHERE `group` = '首页页面' AND `pid` = 2 AND `hide` = 0 ORDER BY `sort` asc  [ RunTime:0.0004s ]
SQL: SELECT `id`,`pid`,`title`,`url`,`tip` FROM `app_menu` WHERE `group` = '找工作' AND `pid` = 2 AND `hide` = 0 ORDER BY `sort` asc  [ RunTime:0.0004s ]
SQL: SELECT `id`,`pid`,`title`,`url`,`tip` FROM `app_menu` WHERE `group` = '找简历' AND `pid` = 2 AND `hide` = 0 ORDER BY `sort` asc  [ RunTime:0.0004s ]
SQL: SHOW COLUMNS FROM `app_auth_group_access` [ RunTime:0.1085s ]
SQL: SELECT `extend_id` FROM app_auth_group_access g INNER JOIN app_auth_extend c on g.group_id=c.group_id  WHERE ( g.uid='1' and c.type='1' and !isnull(extend_id) )  [ RunTime:0.0142s ]
SQL: SHOW COLUMNS FROM `app_category` [ RunTime:0.0251s ]
SQL: SELECT `id`,`title`,`pid`,`allow_publish` FROM `app_category` WHERE `status` = 1 ORDER BY `pid`,`sort`  [ RunTime:0.0005s ]
SQL: SHOW COLUMNS FROM `app_model` [ RunTime:0.0109s ]
SQL: SELECT * FROM `app_model` WHERE `name` = 'document' LIMIT 1   [ RunTime:0.0003s ]
SQL: SHOW COLUMNS FROM `app_document` [ RunTime:0.0092s ]
SQL: SELECT COUNT(*) AS tp_count FROM app_document DOCUMENT WHERE `status` IN ('0','1','2') AND `pid` = 0 LIMIT 1   [ RunTime:0.0004s ]
SQL: SELECT `id`,`title`,`type`,`update_time`,`status`,`view`,`category_id`,`model_id`,`pid` FROM app_document DOCUMENT WHERE `status` IN ('0','1','2') AND `pid` = 0 ORDER BY `level` DESC,DOCUMENT.id DESC LIMIT 0,10   [ RunTime:0.0170s ]
SQL: SELECT `extend` FROM `app_model` WHERE `id` = 1 LIMIT 1   [ RunTime:0.0021s ]
SQL: SHOW COLUMNS FROM `app_attribute` [ RunTime:0.0353s ]
SQL: SELECT `id`,`name`,`type`,`extra` FROM `app_attribute` WHERE `model_id` = 1  [ RunTime:0.0129s ]
NOTIC: [8] Undefined variable: groups E:\APP\resume_app_background\Application\Admin\Controller\ArticleController.class.php 第 238 行.
INFO: [ view_parse ] --START--
INFO: [ template_filter ] --START--
INFO: Run Behavior\ContentReplaceBehavior [ RunTime:0.000221s ]
INFO: [ template_filter ] --END-- [ RunTime:0.000271s ]
INFO: Run Behavior\ParseTemplateBehavior [ RunTime:0.039912s ]
INFO: [ view_parse ] --END-- [ RunTime:0.039977s ]
INFO: [ view_filter ] --START--
INFO: Run Behavior\WriteHtmlCacheBehavior [ RunTime:0.001138s ]
INFO: [ view_filter ] --END-- [ RunTime:0.001195s ]
INFO: [ app_end ] --START--
INFO: Run Behavior\ShowPageTraceBehavior [ RunTime:0.001100s ]
INFO: [ app_end ] --END-- [ RunTime:0.001163s ]

[ 2018-09-16T13:17:03+08:00 ] 127.0.0.1 /index.php?s=/Admin/article/company.html
INFO: [ app_init ] --START--
INFO: Run Behavior\BuildLiteBehavior [ RunTime:0.000013s ]
INFO: Run Common\Behavior\InitHookBehavior [ RunTime:0.003811s ]
INFO: [ app_init ] --END-- [ RunTime:0.004465s ]
INFO: [ app_begin ] --START--
INFO: Run Behavior\ReadHtmlCacheBehavior [ RunTime:0.001971s ]
INFO: [ app_begin ] --END-- [ RunTime:0.002074s ]
SQL: SHOW COLUMNS FROM `app_company` [ RunTime:0.0127s ]
SQL: SELECT `id`,`companyname`,`creditcode`,`name`,`mobile`,`site`,`companyprofile` FROM `app_company`  [ RunTime:0.0003s ]
INFO: [ view_parse ] --START--
INFO: [ template_filter ] --START--
INFO: Run Behavior\ContentReplaceBehavior [ RunTime:0.000173s ]
INFO: [ template_filter ] --END-- [ RunTime:0.000226s ]
NOTIC: [8] Undefined variable: meta_title E:\APP\resume_app_background\Runtime\Cache\Admin\6917488a1d714e02560bb35531311f99.php 第 5 行.
NOTIC: [8] Undefined variable: show_draftbox E:\APP\resume_app_background\Runtime\Cache\Admin\6917488a1d714e02560bb35531311f99.php 第 67 行.
NOTIC: [8] Undefined variable: show_examine E:\APP\resume_app_background\Runtime\Cache\Admin\6917488a1d714e02560bb35531311f99.php 第 68 行.
NOTIC: [8] Undefined variable: nodes E:\APP\resume_app_background\Runtime\Cache\Admin\6917488a1d714e02560bb35531311f99.php 第 71 行.
NOTIC: [8] Undefined variable: show_recycle E:\APP\resume_app_background\Runtime\Cache\Admin\6917488a1d714e02560bb35531311f99.php 第 105 行.
NOTIC: [8] Undefined index: status E:\APP\resume_app_background\Runtime\Cache\Admin\6917488a1d714e02560bb35531311f99.php 第 182 行.
NOTIC: [8] Undefined index: status E:\APP\resume_app_background\Runtime\Cache\Admin\6917488a1d714e02560bb35531311f99.php 第 182 行.
NOTIC: [8] Undefined index: status E:\APP\resume_app_background\Runtime\Cache\Admin\6917488a1d714e02560bb35531311f99.php 第 182 行.
NOTIC: [8] Undefined index: status E:\APP\resume_app_background\Runtime\Cache\Admin\6917488a1d714e02560bb35531311f99.php 第 182 行.
NOTIC: [8] Undefined index: status E:\APP\resume_app_background\Runtime\Cache\Admin\6917488a1d714e02560bb35531311f99.php 第 182 行.
NOTIC: [8] Undefined index: status E:\APP\resume_app_background\Runtime\Cache\Admin\6917488a1d714e02560bb35531311f99.php 第 182 行.
NOTIC: [8] Undefined index: status E:\APP\resume_app_background\Runtime\Cache\Admin\6917488a1d714e02560bb35531311f99.php 第 182 行.
NOTIC: [8] Undefined index: status E:\APP\resume_app_background\Runtime\Cache\Admin\6917488a1d714e02560bb35531311f99.php 第 182 行.
NOTIC: [8] Undefined index: status E:\APP\resume_app_background\Runtime\Cache\Admin\6917488a1d714e02560bb35531311f99.php 第 182 行.
NOTIC: [8] Undefined index: status E:\APP\resume_app_background\Runtime\Cache\Admin\6917488a1d714e02560bb35531311f99.php 第 182 行.
NOTIC: [8] Undefined index: status E:\APP\resume_app_background\Runtime\Cache\Admin\6917488a1d714e02560bb35531311f99.php 第 182 行.
NOTIC: [8] Undefined index: status E:\APP\resume_app_background\Runtime\Cache\Admin\6917488a1d714e02560bb35531311f99.php 第 182 行.
NOTIC: [8] Undefined index: status E:\APP\resume_app_background\Runtime\Cache\Admin\6917488a1d714e02560bb35531311f99.php 第 182 行.
NOTIC: [8] Undefined index: status E:\APP\resume_app_background\Runtime\Cache\Admin\6917488a1d714e02560bb35531311f99.php 第 182 行.
NOTIC: [8] Undefined index: status E:\APP\resume_app_background\Runtime\Cache\Admin\6917488a1d714e02560bb35531311f99.php 第 182 行.
NOTIC: [8] Undefined index: status E:\APP\resume_app_background\Runtime\Cache\Admin\6917488a1d714e02560bb35531311f99.php 第 182 行.
NOTIC: [8] Undefined index: status E:\APP\resume_app_background\Runtime\Cache\Admin\6917488a1d714e02560bb35531311f99.php 第 182 行.
NOTIC: [8] Undefined index: status E:\APP\resume_app_background\Runtime\Cache\Admin\6917488a1d714e02560bb35531311f99.php 第 182 行.
NOTIC: [8] Undefined index: status E:\APP\resume_app_background\Runtime\Cache\Admin\6917488a1d714e02560bb35531311f99.php 第 182 行.
NOTIC: [8] Undefined index: status E:\APP\resume_app_background\Runtime\Cache\Admin\6917488a1d714e02560bb35531311f99.php 第 182 行.
NOTIC: [8] Undefined index: status E:\APP\resume_app_background\Runtime\Cache\Admin\6917488a1d714e02560bb35531311f99.php 第 182 行.
NOTIC: [8] Undefined index: status E:\APP\resume_app_background\Runtime\Cache\Admin\6917488a1d714e02560bb35531311f99.php 第 182 行.
NOTIC: [8] Undefined variable: _page E:\APP\resume_app_background\Runtime\Cache\Admin\6917488a1d714e02560bb35531311f99.php 第 194 行.
INFO: Run Behavior\ParseTemplateBehavior [ RunTime:0.046976s ]
INFO: [ view_parse ] --END-- [ RunTime:0.047038s ]
INFO: [ view_filter ] --START--
INFO: Run Behavior\WriteHtmlCacheBehavior [ RunTime:0.000899s ]
INFO: [ view_filter ] --END-- [ RunTime:0.000940s ]
INFO: [ app_end ] --START--
INFO: Run Behavior\ShowPageTraceBehavior [ RunTime:0.000894s ]
INFO: [ app_end ] --END-- [ RunTime:0.000940s ]

[ 2018-09-16T13:17:08+08:00 ] 127.0.0.1 /index.php?s=/Admin/Article/company_edit/id/1.html
INFO: [ app_init ] --START--
INFO: Run Behavior\BuildLiteBehavior [ RunTime:0.000012s ]
INFO: Run Common\Behavior\InitHookBehavior [ RunTime:0.002582s ]
INFO: [ app_init ] --END-- [ RunTime:0.003142s ]
INFO: [ app_begin ] --START--
INFO: Run Behavior\ReadHtmlCacheBehavior [ RunTime:0.000848s ]
INFO: [ app_begin ] --END-- [ RunTime:0.000897s ]
SQL: SHOW COLUMNS FROM `app_auth_group_access` [ RunTime:0.0124s ]
SQL: SELECT `extend_id` FROM app_auth_group_access g INNER JOIN app_auth_extend c on g.group_id=c.group_id  WHERE ( g.uid='1' and c.type='1' and !isnull(extend_id) )  [ RunTime:0.0004s ]
SQL: SHOW COLUMNS FROM `app_category` [ RunTime:0.0105s ]
SQL: SELECT `id`,`title`,`pid`,`allow_publish` FROM `app_category` WHERE `status` = 1 ORDER BY `pid`,`sort`  [ RunTime:0.0003s ]
SQL: SHOW COLUMNS FROM `app_company` [ RunTime:0.0136s ]
SQL: SELECT * FROM `app_company` WHERE `id` = 1 LIMIT 1   [ RunTime:0.0003s ]
INFO: [ view_parse ] --START--
INFO: [ template_filter ] --START--
INFO: Run Behavior\ContentReplaceBehavior [ RunTime:0.000190s ]
INFO: [ template_filter ] --END-- [ RunTime:0.000242s ]
NOTIC: [8] Undefined variable: model E:\APP\resume_app_background\Runtime\Cache\Admin\4710685b7474a9b26e8c7db9ec47e37a.php 第 155 行.
NOTIC: [8] Undefined index: status E:\APP\resume_app_background\Runtime\Cache\Admin\4710685b7474a9b26e8c7db9ec47e37a.php 第 238 行.
INFO: Run Behavior\ParseTemplateBehavior [ RunTime:0.113123s ]
INFO: [ view_parse ] --END-- [ RunTime:0.113171s ]
INFO: [ view_filter ] --START--
INFO: Run Behavior\WriteHtmlCacheBehavior [ RunTime:0.000854s ]
INFO: [ view_filter ] --END-- [ RunTime:0.000900s ]
INFO: [ app_end ] --START--
INFO: Run Behavior\ShowPageTraceBehavior [ RunTime:0.001159s ]
INFO: [ app_end ] --END-- [ RunTime:0.001238s ]

[ 2018-09-16T13:17:11+08:00 ] 127.0.0.1 /index.php?s=/Admin/article/company.html
INFO: [ app_init ] --START--
INFO: Run Behavior\BuildLiteBehavior [ RunTime:0.000011s ]
INFO: Run Common\Behavior\InitHookBehavior [ RunTime:0.004234s ]
INFO: [ app_init ] --END-- [ RunTime:0.004959s ]
INFO: [ app_begin ] --START--
INFO: Run Behavior\ReadHtmlCacheBehavior [ RunTime:0.000854s ]
INFO: [ app_begin ] --END-- [ RunTime:0.000908s ]
SQL: SHOW COLUMNS FROM `app_company` [ RunTime:0.0131s ]
SQL: SELECT `id`,`companyname`,`creditcode`,`name`,`mobile`,`site`,`companyprofile` FROM `app_company`  [ RunTime:0.0003s ]
INFO: [ view_parse ] --START--
INFO: [ template_filter ] --START--
INFO: Run Behavior\ContentReplaceBehavior [ RunTime:0.000157s ]
INFO: [ template_filter ] --END-- [ RunTime:0.000206s ]
NOTIC: [8] Undefined variable: meta_title E:\APP\resume_app_background\Runtime\Cache\Admin\6917488a1d714e02560bb35531311f99.php 第 5 行.
NOTIC: [8] Undefined variable: show_draftbox E:\APP\resume_app_background\Runtime\Cache\Admin\6917488a1d714e02560bb35531311f99.php 第 67 行.
NOTIC: [8] Undefined variable: show_examine E:\APP\resume_app_background\Runtime\Cache\Admin\6917488a1d714e02560bb35531311f99.php 第 68 行.
NOTIC: [8] Undefined variable: nodes E:\APP\resume_app_background\Runtime\Cache\Admin\6917488a1d714e02560bb35531311f99.php 第 71 行.
NOTIC: [8] Undefined variable: show_recycle E:\APP\resume_app_background\Runtime\Cache\Admin\6917488a1d714e02560bb35531311f99.php 第 105 行.
NOTIC: [8] Undefined index: status E:\APP\resume_app_background\Runtime\Cache\Admin\6917488a1d714e02560bb35531311f99.php 第 182 行.
NOTIC: [8] Undefined index: status E:\APP\resume_app_background\Runtime\Cache\Admin\6917488a1d714e02560bb35531311f99.php 第 182 行.
NOTIC: [8] Undefined index: status E:\APP\resume_app_background\Runtime\Cache\Admin\6917488a1d714e02560bb35531311f99.php 第 182 行.
NOTIC: [8] Undefined index: status E:\APP\resume_app_background\Runtime\Cache\Admin\6917488a1d714e02560bb35531311f99.php 第 182 行.
NOTIC: [8] Undefined index: status E:\APP\resume_app_background\Runtime\Cache\Admin\6917488a1d714e02560bb35531311f99.php 第 182 行.
NOTIC: [8] Undefined index: status E:\APP\resume_app_background\Runtime\Cache\Admin\6917488a1d714e02560bb35531311f99.php 第 182 行.
NOTIC: [8] Undefined index: status E:\APP\resume_app_background\Runtime\Cache\Admin\6917488a1d714e02560bb35531311f99.php 第 182 行.
NOTIC: [8] Undefined index: status E:\APP\resume_app_background\Runtime\Cache\Admin\6917488a1d714e02560bb35531311f99.php 第 182 行.
NOTIC: [8] Undefined index: status E:\APP\resume_app_background\Runtime\Cache\Admin\6917488a1d714e02560bb35531311f99.php 第 182 行.
NOTIC: [8] Undefined index: status E:\APP\resume_app_background\Runtime\Cache\Admin\6917488a1d714e02560bb35531311f99.php 第 182 行.
NOTIC: [8] Undefined index: status E:\APP\resume_app_background\Runtime\Cache\Admin\6917488a1d714e02560bb35531311f99.php 第 182 行.
NOTIC: [8] Undefined index: status E:\APP\resume_app_background\Runtime\Cache\Admin\6917488a1d714e02560bb35531311f99.php 第 182 行.
NOTIC: [8] Undefined index: status E:\APP\resume_app_background\Runtime\Cache\Admin\6917488a1d714e02560bb35531311f99.php 第 182 行.
NOTIC: [8] Undefined index: status E:\APP\resume_app_background\Runtime\Cache\Admin\6917488a1d714e02560bb35531311f99.php 第 182 行.
NOTIC: [8] Undefined index: status E:\APP\resume_app_background\Runtime\Cache\Admin\6917488a1d714e02560bb35531311f99.php 第 182 行.
NOTIC: [8] Undefined index: status E:\APP\resume_app_background\Runtime\Cache\Admin\6917488a1d714e02560bb35531311f99.php 第 182 行.
NOTIC: [8] Undefined index: status E:\APP\resume_app_background\Runtime\Cache\Admin\6917488a1d714e02560bb35531311f99.php 第 182 行.
NOTIC: [8] Undefined index: status E:\APP\resume_app_background\Runtime\Cache\Admin\6917488a1d714e02560bb35531311f99.php 第 182 行.
NOTIC: [8] Undefined index: status E:\APP\resume_app_background\Runtime\Cache\Admin\6917488a1d714e02560bb35531311f99.php 第 182 行.
NOTIC: [8] Undefined index: status E:\APP\resume_app_background\Runtime\Cache\Admin\6917488a1d714e02560bb35531311f99.php 第 182 行.
NOTIC: [8] Undefined index: status E:\APP\resume_app_background\Runtime\Cache\Admin\6917488a1d714e02560bb35531311f99.php 第 182 行.
NOTIC: [8] Undefined index: status E:\APP\resume_app_background\Runtime\Cache\Admin\6917488a1d714e02560bb35531311f99.php 第 182 行.
NOTIC: [8] Undefined variable: _page E:\APP\resume_app_background\Runtime\Cache\Admin\6917488a1d714e02560bb35531311f99.php 第 194 行.
INFO: Run Behavior\ParseTemplateBehavior [ RunTime:0.023984s ]
INFO: [ view_parse ] --END-- [ RunTime:0.024045s ]
INFO: [ view_filter ] --START--
INFO: Run Behavior\WriteHtmlCacheBehavior [ RunTime:0.001031s ]
INFO: [ view_filter ] --END-- [ RunTime:0.001093s ]
INFO: [ app_end ] --START--
INFO: Run Behavior\ShowPageTraceBehavior [ RunTime:0.001630s ]
INFO: [ app_end ] --END-- [ RunTime:0.001737s ]

[ 2018-09-16T13:17:13+08:00 ] 127.0.0.1 /index.php?s=/Admin/Article/company_edit/id/1.html
INFO: [ app_init ] --START--
INFO: Run Behavior\BuildLiteBehavior [ RunTime:0.000085s ]
INFO: Run Common\Behavior\InitHookBehavior [ RunTime:0.004099s ]
INFO: [ app_init ] --END-- [ RunTime:0.005463s ]
INFO: [ app_begin ] --START--
INFO: Run Behavior\ReadHtmlCacheBehavior [ RunTime:0.000861s ]
INFO: [ app_begin ] --END-- [ RunTime:0.000911s ]
SQL: SHOW COLUMNS FROM `app_auth_group_access` [ RunTime:0.0132s ]
SQL: SELECT `extend_id` FROM app_auth_group_access g INNER JOIN app_auth_extend c on g.group_id=c.group_id  WHERE ( g.uid='1' and c.type='1' and !isnull(extend_id) )  [ RunTime:0.0003s ]
SQL: SHOW COLUMNS FROM `app_category` [ RunTime:0.0103s ]
SQL: SELECT `id`,`title`,`pid`,`allow_publish` FROM `app_category` WHERE `status` = 1 ORDER BY `pid`,`sort`  [ RunTime:0.0003s ]
SQL: SHOW COLUMNS FROM `app_company` [ RunTime:0.0104s ]
SQL: SELECT * FROM `app_company` WHERE `id` = 1 LIMIT 1   [ RunTime:0.0003s ]
INFO: [ view_parse ] --START--
INFO: [ template_filter ] --START--
INFO: Run Behavior\ContentReplaceBehavior [ RunTime:0.000208s ]
INFO: [ template_filter ] --END-- [ RunTime:0.000264s ]
NOTIC: [8] Undefined variable: model E:\APP\resume_app_background\Runtime\Cache\Admin\4710685b7474a9b26e8c7db9ec47e37a.php 第 155 行.
NOTIC: [8] Undefined index: status E:\APP\resume_app_background\Runtime\Cache\Admin\4710685b7474a9b26e8c7db9ec47e37a.php 第 238 行.
INFO: Run Behavior\ParseTemplateBehavior [ RunTime:0.023284s ]
INFO: [ view_parse ] --END-- [ RunTime:0.023338s ]
INFO: [ view_filter ] --START--
INFO: Run Behavior\WriteHtmlCacheBehavior [ RunTime:0.001080s ]
INFO: [ view_filter ] --END-- [ RunTime:0.001157s ]
INFO: [ app_end ] --START--
INFO: Run Behavior\ShowPageTraceBehavior [ RunTime:0.001603s ]
INFO: [ app_end ] --END-- [ RunTime:0.001701s ]

[ 2018-09-16T13:17:25+08:00 ] 127.0.0.1 /index.php?s=/Admin/Article/company_edit.html
INFO: [ app_init ] --START--
INFO: Run Behavior\BuildLiteBehavior [ RunTime:0.000040s ]
INFO: Run Common\Behavior\InitHookBehavior [ RunTime:0.006181s ]
INFO: [ app_init ] --END-- [ RunTime:0.007102s ]
INFO: [ app_begin ] --START--
INFO: Run Behavior\ReadHtmlCacheBehavior [ RunTime:0.000764s ]
INFO: [ app_begin ] --END-- [ RunTime:0.000827s ]
SQL: SHOW COLUMNS FROM `app_company` [ RunTime:0.0133s ]
SQL: UPDATE `app_company` SET `companyname`='',`picture`='',`creditcode`='',`name`='',`mobile`='',`phone`='',`site`='',`companyprofile`='',`superstar`='',`jobinten`='',`pay`='',`jobtitle`='',`jobfield`='',`fulltime`='0' WHERE `id` = 1 [ RunTime:0.0012s ]
INFO: [ view_parse ] --START--
INFO: [ template_filter ] --START--
INFO: Run Behavior\ContentReplaceBehavior [ RunTime:0.000057s ]
INFO: [ template_filter ] --END-- [ RunTime:0.000108s ]
INFO: Run Behavior\ParseTemplateBehavior [ RunTime:0.007098s ]
INFO: [ view_parse ] --END-- [ RunTime:0.007150s ]
INFO: [ view_filter ] --START--
INFO: Run Behavior\WriteHtmlCacheBehavior [ RunTime:0.000834s ]
INFO: [ view_filter ] --END-- [ RunTime:0.000904s ]

[ 2018-09-16T13:17:26+08:00 ] 127.0.0.1 /index.php?s=/Admin/Article/company_edit/id/1.html
INFO: [ app_init ] --START--
INFO: Run Behavior\BuildLiteBehavior [ RunTime:0.000013s ]
INFO: Run Common\Behavior\InitHookBehavior [ RunTime:0.004484s ]
INFO: [ app_init ] --END-- [ RunTime:0.005069s ]
INFO: [ app_begin ] --START--
INFO: Run Behavior\ReadHtmlCacheBehavior [ RunTime:0.000703s ]
INFO: [ app_begin ] --END-- [ RunTime:0.000757s ]
SQL: SHOW COLUMNS FROM `app_auth_group_access` [ RunTime:0.0178s ]
SQL: SELECT `extend_id` FROM app_auth_group_access g INNER JOIN app_auth_extend c on g.group_id=c.group_id  WHERE ( g.uid='1' and c.type='1' and !isnull(extend_id) )  [ RunTime:0.0003s ]
SQL: SHOW COLUMNS FROM `app_category` [ RunTime:0.0100s ]
SQL: SELECT `id`,`title`,`pid`,`allow_publish` FROM `app_category` WHERE `status` = 1 ORDER BY `pid`,`sort`  [ RunTime:0.0003s ]
SQL: SHOW COLUMNS FROM `app_company` [ RunTime:0.0092s ]
SQL: SELECT * FROM `app_company` WHERE `id` = 1 LIMIT 1   [ RunTime:0.0003s ]
INFO: [ view_parse ] --START--
INFO: [ template_filter ] --START--
INFO: Run Behavior\ContentReplaceBehavior [ RunTime:0.000178s ]
INFO: [ template_filter ] --END-- [ RunTime:0.000220s ]
NOTIC: [8] Undefined variable: model E:\APP\resume_app_background\Runtime\Cache\Admin\4710685b7474a9b26e8c7db9ec47e37a.php 第 155 行.
NOTIC: [8] Undefined index: status E:\APP\resume_app_background\Runtime\Cache\Admin\4710685b7474a9b26e8c7db9ec47e37a.php 第 238 行.
INFO: Run Behavior\ParseTemplateBehavior [ RunTime:0.021629s ]
INFO: [ view_parse ] --END-- [ RunTime:0.021702s ]
INFO: [ view_filter ] --START--
INFO: Run Behavior\WriteHtmlCacheBehavior [ RunTime:0.000884s ]
INFO: [ view_filter ] --END-- [ RunTime:0.000946s ]
INFO: [ app_end ] --START--
INFO: Run Behavior\ShowPageTraceBehavior [ RunTime:0.001396s ]
INFO: [ app_end ] --END-- [ RunTime:0.001458s ]

[ 2018-09-16T14:21:48+08:00 ] 127.0.0.1 /index.php?s=/Admin/Article/company_edit.html
INFO: [ app_init ] --START--
INFO: Run Behavior\BuildLiteBehavior [ RunTime:0.000011s ]
INFO: Run Common\Behavior\InitHookBehavior [ RunTime:0.004070s ]
INFO: [ app_init ] --END-- [ RunTime:0.004736s ]
INFO: [ app_begin ] --START--
INFO: Run Behavior\ReadHtmlCacheBehavior [ RunTime:0.000917s ]
INFO: [ app_begin ] --END-- [ RunTime:0.000981s ]
SQL: SHOW COLUMNS FROM `app_company` [ RunTime:0.0146s ]
SQL: UPDATE `app_company` SET `companyname`='暴走',`picture`='',`creditcode`='11111111111111',`name`='大雷',`mobile`='',`phone`='',`site`='',`companyprofile`='',`superstar`='',`jobinten`='',`pay`='',`jobtitle`='',`jobfield`='',`fulltime`='0' WHERE `id` = 1 [ RunTime:0.0005s ]
INFO: [ view_parse ] --START--
INFO: [ template_filter ] --START--
INFO: Run Behavior\ContentReplaceBehavior [ RunTime:0.000049s ]
INFO: [ template_filter ] --END-- [ RunTime:0.000100s ]
INFO: Run Behavior\ParseTemplateBehavior [ RunTime:0.008048s ]
INFO: [ view_parse ] --END-- [ RunTime:0.008100s ]
INFO: [ view_filter ] --START--
INFO: Run Behavior\WriteHtmlCacheBehavior [ RunTime:0.000757s ]
INFO: [ view_filter ] --END-- [ RunTime:0.000805s ]

[ 2018-09-16T14:21:49+08:00 ] 127.0.0.1 /index.php?s=/Admin/Article/company_edit/id/1.html
INFO: [ app_init ] --START--
INFO: Run Behavior\BuildLiteBehavior [ RunTime:0.000012s ]
INFO: Run Common\Behavior\InitHookBehavior [ RunTime:0.002376s ]
INFO: [ app_init ] --END-- [ RunTime:0.002882s ]
INFO: [ app_begin ] --START--
INFO: Run Behavior\ReadHtmlCacheBehavior [ RunTime:0.000900s ]
INFO: [ app_begin ] --END-- [ RunTime:0.000958s ]
SQL: SHOW COLUMNS FROM `app_auth_group_access` [ RunTime:0.0123s ]
SQL: SELECT `extend_id` FROM app_auth_group_access g INNER JOIN app_auth_extend c on g.group_id=c.group_id  WHERE ( g.uid='1' and c.type='1' and !isnull(extend_id) )  [ RunTime:0.0011s ]
SQL: SHOW COLUMNS FROM `app_category` [ RunTime:0.0106s ]
SQL: SELECT `id`,`title`,`pid`,`allow_publish` FROM `app_category` WHERE `status` = 1 ORDER BY `pid`,`sort`  [ RunTime:0.0003s ]
SQL: SHOW COLUMNS FROM `app_company` [ RunTime:0.0105s ]
SQL: SELECT * FROM `app_company` WHERE `id` = 1 LIMIT 1   [ RunTime:0.0003s ]
INFO: [ view_parse ] --START--
INFO: [ template_filter ] --START--
INFO: Run Behavior\ContentReplaceBehavior [ RunTime:0.000192s ]
INFO: [ template_filter ] --END-- [ RunTime:0.000242s ]
NOTIC: [8] Undefined variable: model E:\APP\resume_app_background\Runtime\Cache\Admin\4710685b7474a9b26e8c7db9ec47e37a.php 第 155 行.
NOTIC: [8] Undefined index: status E:\APP\resume_app_background\Runtime\Cache\Admin\4710685b7474a9b26e8c7db9ec47e37a.php 第 238 行.
INFO: Run Behavior\ParseTemplateBehavior [ RunTime:0.024567s ]
INFO: [ view_parse ] --END-- [ RunTime:0.024631s ]
INFO: [ view_filter ] --START--
INFO: Run Behavior\WriteHtmlCacheBehavior [ RunTime:0.000797s ]
INFO: [ view_filter ] --END-- [ RunTime:0.000834s ]
INFO: [ app_end ] --START--
INFO: Run Behavior\ShowPageTraceBehavior [ RunTime:0.000916s ]
INFO: [ app_end ] --END-- [ RunTime:0.000958s ]

[ 2018-09-16T14:22:50+08:00 ] 127.0.0.1 /index.php?s=/Admin/Article/company_edit.html
INFO: [ app_init ] --START--
INFO: Run Behavior\BuildLiteBehavior [ RunTime:0.000013s ]
INFO: Run Common\Behavior\InitHookBehavior [ RunTime:0.003411s ]
INFO: [ app_init ] --END-- [ RunTime:0.004118s ]
INFO: [ app_begin ] --START--
INFO: Run Behavior\ReadHtmlCacheBehavior [ RunTime:0.000805s ]
INFO: [ app_begin ] --END-- [ RunTime:0.000869s ]
SQL: SHOW COLUMNS FROM `app_company` [ RunTime:0.0180s ]
SQL: UPDATE `app_company` SET `companyname`='暴走',`picture`='',`creditcode`='11111111111111',`name`='大雷',`mobile`='',`phone`='',`site`='1111111',`companyprofile`='',`superstar`='',`jobinten`='',`pay`='',`jobtitle`='',`jobfield`='',`fulltime`='0' WHERE `id` = 1 [ RunTime:0.0004s ]
INFO: [ view_parse ] --START--
INFO: [ template_filter ] --START--
INFO: Run Behavior\ContentReplaceBehavior [ RunTime:0.000045s ]
INFO: [ template_filter ] --END-- [ RunTime:0.000085s ]
INFO: Run Behavior\ParseTemplateBehavior [ RunTime:0.006836s ]
INFO: [ view_parse ] --END-- [ RunTime:0.006916s ]
INFO: [ view_filter ] --START--
INFO: Run Behavior\WriteHtmlCacheBehavior [ RunTime:0.000862s ]
INFO: [ view_filter ] --END-- [ RunTime:0.000904s ]

[ 2018-09-16T14:22:51+08:00 ] 127.0.0.1 /index.php?s=/Admin/Article/company_edit/id/1.html
INFO: [ app_init ] --START--
INFO: Run Behavior\BuildLiteBehavior [ RunTime:0.000012s ]
INFO: Run Common\Behavior\InitHookBehavior [ RunTime:0.002415s ]
INFO: [ app_init ] --END-- [ RunTime:0.003328s ]
INFO: [ app_begin ] --START--
INFO: Run Behavior\ReadHtmlCacheBehavior [ RunTime:0.000601s ]
INFO: [ app_begin ] --END-- [ RunTime:0.000661s ]
SQL: SHOW COLUMNS FROM `app_auth_group_access` [ RunTime:0.0119s ]
SQL: SELECT `extend_id` FROM app_auth_group_access g INNER JOIN app_auth_extend c on g.group_id=c.group_id  WHERE ( g.uid='1' and c.type='1' and !isnull(extend_id) )  [ RunTime:0.0003s ]
SQL: SHOW COLUMNS FROM `app_category` [ RunTime:0.0113s ]
SQL: SELECT `id`,`title`,`pid`,`allow_publish` FROM `app_category` WHERE `status` = 1 ORDER BY `pid`,`sort`  [ RunTime:0.0003s ]
SQL: SHOW COLUMNS FROM `app_company` [ RunTime:0.0111s ]
SQL: SELECT * FROM `app_company` WHERE `id` = 1 LIMIT 1   [ RunTime:0.0004s ]
INFO: [ view_parse ] --START--
INFO: [ template_filter ] --START--
INFO: Run Behavior\ContentReplaceBehavior [ RunTime:0.000211s ]
INFO: [ template_filter ] --END-- [ RunTime:0.000261s ]
NOTIC: [8] Undefined variable: model E:\APP\resume_app_background\Runtime\Cache\Admin\4710685b7474a9b26e8c7db9ec47e37a.php 第 155 行.
NOTIC: [8] Undefined index: status E:\APP\resume_app_background\Runtime\Cache\Admin\4710685b7474a9b26e8c7db9ec47e37a.php 第 238 行.
INFO: Run Behavior\ParseTemplateBehavior [ RunTime:0.022834s ]
INFO: [ view_parse ] --END-- [ RunTime:0.022911s ]
INFO: [ view_filter ] --START--
INFO: Run Behavior\WriteHtmlCacheBehavior [ RunTime:0.000694s ]
INFO: [ view_filter ] --END-- [ RunTime:0.000730s ]
INFO: [ app_end ] --START--
INFO: Run Behavior\ShowPageTraceBehavior [ RunTime:0.000987s ]
INFO: [ app_end ] --END-- [ RunTime:0.001033s ]

[ 2018-09-16T14:23:06+08:00 ] 127.0.0.1 /index.php?s=/Admin/Article/company_edit/id/1.html
INFO: [ app_init ] --START--
INFO: Run Behavior\BuildLiteBehavior [ RunTime:0.000022s ]
INFO: Run Common\Behavior\InitHookBehavior [ RunTime:0.002400s ]
INFO: [ app_init ] --END-- [ RunTime:0.003077s ]
INFO: [ app_begin ] --START--
INFO: Run Behavior\ReadHtmlCacheBehavior [ RunTime:0.000829s ]
INFO: [ app_begin ] --END-- [ RunTime:0.000879s ]
SQL: SHOW COLUMNS FROM `app_auth_group_access` [ RunTime:0.0117s ]
SQL: SELECT `extend_id` FROM app_auth_group_access g INNER JOIN app_auth_extend c on g.group_id=c.group_id  WHERE ( g.uid='1' and c.type='1' and !isnull(extend_id) )  [ RunTime:0.0003s ]
SQL: SHOW COLUMNS FROM `app_category` [ RunTime:0.0100s ]
SQL: SELECT `id`,`title`,`pid`,`allow_publish` FROM `app_category` WHERE `status` = 1 ORDER BY `pid`,`sort`  [ RunTime:0.0003s ]
SQL: SHOW COLUMNS FROM `app_company` [ RunTime:0.0110s ]
SQL: SELECT * FROM `app_company` WHERE `id` = 1 LIMIT 1   [ RunTime:0.0003s ]
INFO: [ view_parse ] --START--
INFO: [ template_filter ] --START--
INFO: Run Behavior\ContentReplaceBehavior [ RunTime:0.000192s ]
INFO: [ template_filter ] --END-- [ RunTime:0.000242s ]
NOTIC: [8] Undefined variable: model E:\APP\resume_app_background\Runtime\Cache\Admin\4710685b7474a9b26e8c7db9ec47e37a.php 第 155 行.
NOTIC: [8] Undefined index: status E:\APP\resume_app_background\Runtime\Cache\Admin\4710685b7474a9b26e8c7db9ec47e37a.php 第 238 行.
INFO: Run Behavior\ParseTemplateBehavior [ RunTime:0.023831s ]
INFO: [ view_parse ] --END-- [ RunTime:0.023878s ]
INFO: [ view_filter ] --START--
INFO: Run Behavior\WriteHtmlCacheBehavior [ RunTime:0.000840s ]
INFO: [ view_filter ] --END-- [ RunTime:0.000883s ]
INFO: [ app_end ] --START--
INFO: Run Behavior\ShowPageTraceBehavior [ RunTime:0.002227s ]
INFO: [ app_end ] --END-- [ RunTime:0.002338s ]

[ 2018-09-16T14:23:08+08:00 ] 127.0.0.1 /index.php?s=/Admin/article/company.html
INFO: [ app_init ] --START--
INFO: Run Behavior\BuildLiteBehavior [ RunTime:0.000013s ]
INFO: Run Common\Behavior\InitHookBehavior [ RunTime:0.002240s ]
INFO: [ app_init ] --END-- [ RunTime:0.002828s ]
INFO: [ app_begin ] --START--
INFO: Run Behavior\ReadHtmlCacheBehavior [ RunTime:0.000764s ]
INFO: [ app_begin ] --END-- [ RunTime:0.000812s ]
SQL: SHOW COLUMNS FROM `app_company` [ RunTime:0.0133s ]
SQL: SELECT `id`,`companyname`,`creditcode`,`name`,`mobile`,`site`,`companyprofile` FROM `app_company`  [ RunTime:0.0004s ]
INFO: [ view_parse ] --START--
INFO: [ template_filter ] --START--
INFO: Run Behavior\ContentReplaceBehavior [ RunTime:0.000212s ]
INFO: [ template_filter ] --END-- [ RunTime:0.000266s ]
NOTIC: [8] Undefined variable: meta_title E:\APP\resume_app_background\Runtime\Cache\Admin\6917488a1d714e02560bb35531311f99.php 第 5 行.
NOTIC: [8] Undefined variable: show_draftbox E:\APP\resume_app_background\Runtime\Cache\Admin\6917488a1d714e02560bb35531311f99.php 第 67 行.
NOTIC: [8] Undefined variable: show_examine E:\APP\resume_app_background\Runtime\Cache\Admin\6917488a1d714e02560bb35531311f99.php 第 68 行.
NOTIC: [8] Undefined variable: nodes E:\APP\resume_app_background\Runtime\Cache\Admin\6917488a1d714e02560bb35531311f99.php 第 71 行.
NOTIC: [8] Undefined variable: show_recycle E:\APP\resume_app_background\Runtime\Cache\Admin\6917488a1d714e02560bb35531311f99.php 第 105 行.
NOTIC: [8] Undefined index: status E:\APP\resume_app_background\Runtime\Cache\Admin\6917488a1d714e02560bb35531311f99.php 第 182 行.
NOTIC: [8] Undefined index: status E:\APP\resume_app_background\Runtime\Cache\Admin\6917488a1d714e02560bb35531311f99.php 第 182 行.
NOTIC: [8] Undefined index: status E:\APP\resume_app_background\Runtime\Cache\Admin\6917488a1d714e02560bb35531311f99.php 第 182 行.
NOTIC: [8] Undefined index: status E:\APP\resume_app_background\Runtime\Cache\Admin\6917488a1d714e02560bb35531311f99.php 第 182 行.
NOTIC: [8] Undefined index: status E:\APP\resume_app_background\Runtime\Cache\Admin\6917488a1d714e02560bb35531311f99.php 第 182 行.
NOTIC: [8] Undefined index: status E:\APP\resume_app_background\Runtime\Cache\Admin\6917488a1d714e02560bb35531311f99.php 第 182 行.
NOTIC: [8] Undefined index: status E:\APP\resume_app_background\Runtime\Cache\Admin\6917488a1d714e02560bb35531311f99.php 第 182 行.
NOTIC: [8] Undefined index: status E:\APP\resume_app_background\Runtime\Cache\Admin\6917488a1d714e02560bb35531311f99.php 第 182 行.
NOTIC: [8] Undefined index: status E:\APP\resume_app_background\Runtime\Cache\Admin\6917488a1d714e02560bb35531311f99.php 第 182 行.
NOTIC: [8] Undefined index: status E:\APP\resume_app_background\Runtime\Cache\Admin\6917488a1d714e02560bb35531311f99.php 第 182 行.
NOTIC: [8] Undefined index: status E:\APP\resume_app_background\Runtime\Cache\Admin\6917488a1d714e02560bb35531311f99.php 第 182 行.
NOTIC: [8] Undefined index: status E:\APP\resume_app_background\Runtime\Cache\Admin\6917488a1d714e02560bb35531311f99.php 第 182 行.
NOTIC: [8] Undefined index: status E:\APP\resume_app_background\Runtime\Cache\Admin\6917488a1d714e02560bb35531311f99.php 第 182 行.
NOTIC: [8] Undefined index: status E:\APP\resume_app_background\Runtime\Cache\Admin\6917488a1d714e02560bb35531311f99.php 第 182 行.
NOTIC: [8] Undefined index: status E:\APP\resume_app_background\Runtime\Cache\Admin\6917488a1d714e02560bb35531311f99.php 第 182 行.
NOTIC: [8] Undefined index: status E:\APP\resume_app_background\Runtime\Cache\Admin\6917488a1d714e02560bb35531311f99.php 第 182 行.
NOTIC: [8] Undefined index: status E:\APP\resume_app_background\Runtime\Cache\Admin\6917488a1d714e02560bb35531311f99.php 第 182 行.
NOTIC: [8] Undefined index: status E:\APP\resume_app_background\Runtime\Cache\Admin\6917488a1d714e02560bb35531311f99.php 第 182 行.
NOTIC: [8] Undefined index: status E:\APP\resume_app_background\Runtime\Cache\Admin\6917488a1d714e02560bb35531311f99.php 第 182 行.
NOTIC: [8] Undefined index: status E:\APP\resume_app_background\Runtime\Cache\Admin\6917488a1d714e02560bb35531311f99.php 第 182 行.
NOTIC: [8] Undefined index: status E:\APP\resume_app_background\Runtime\Cache\Admin\6917488a1d714e02560bb35531311f99.php 第 182 行.
NOTIC: [8] Undefined index: status E:\APP\resume_app_background\Runtime\Cache\Admin\6917488a1d714e02560bb35531311f99.php 第 182 行.
NOTIC: [8] Undefined variable: _page E:\APP\resume_app_background\Runtime\Cache\Admin\6917488a1d714e02560bb35531311f99.php 第 194 行.
INFO: Run Behavior\ParseTemplateBehavior [ RunTime:0.023652s ]
INFO: [ view_parse ] --END-- [ RunTime:0.023744s ]
INFO: [ view_filter ] --START--
INFO: Run Behavior\WriteHtmlCacheBehavior [ RunTime:0.000772s ]
INFO: [ view_filter ] --END-- [ RunTime:0.000808s ]
INFO: [ app_end ] --START--
INFO: Run Behavior\ShowPageTraceBehavior [ RunTime:0.001052s ]
INFO: [ app_end ] --END-- [ RunTime:0.001119s ]

[ 2018-09-16T14:23:09+08:00 ] 127.0.0.1 /index.php?s=/Admin/Article/company_edit/id/1.html
INFO: [ app_init ] --START--
INFO: Run Behavior\BuildLiteBehavior [ RunTime:0.000012s ]
INFO: Run Common\Behavior\InitHookBehavior [ RunTime:0.002682s ]
INFO: [ app_init ] --END-- [ RunTime:0.003322s ]
INFO: [ app_begin ] --START--
INFO: Run Behavior\ReadHtmlCacheBehavior [ RunTime:0.001081s ]
INFO: [ app_begin ] --END-- [ RunTime:0.001225s ]
SQL: SHOW COLUMNS FROM `app_auth_group_access` [ RunTime:0.0116s ]
SQL: SELECT `extend_id` FROM app_auth_group_access g INNER JOIN app_auth_extend c on g.group_id=c.group_id  WHERE ( g.uid='1' and c.type='1' and !isnull(extend_id) )  [ RunTime:0.0002s ]
SQL: SHOW COLUMNS FROM `app_category` [ RunTime:0.0104s ]
SQL: SELECT `id`,`title`,`pid`,`allow_publish` FROM `app_category` WHERE `status` = 1 ORDER BY `pid`,`sort`  [ RunTime:0.0003s ]
SQL: SHOW COLUMNS FROM `app_company` [ RunTime:0.0110s ]
SQL: SELECT * FROM `app_company` WHERE `id` = 1 LIMIT 1   [ RunTime:0.0003s ]
INFO: [ view_parse ] --START--
INFO: [ template_filter ] --START--
INFO: Run Behavior\ContentReplaceBehavior [ RunTime:0.000192s ]
INFO: [ template_filter ] --END-- [ RunTime:0.000245s ]
NOTIC: [8] Undefined variable: model E:\APP\resume_app_background\Runtime\Cache\Admin\4710685b7474a9b26e8c7db9ec47e37a.php 第 155 行.
NOTIC: [8] Undefined index: status E:\APP\resume_app_background\Runtime\Cache\Admin\4710685b7474a9b26e8c7db9ec47e37a.php 第 238 行.
INFO: Run Behavior\ParseTemplateBehavior [ RunTime:0.023240s ]
INFO: [ view_parse ] --END-- [ RunTime:0.023287s ]
INFO: [ view_filter ] --START--
INFO: Run Behavior\WriteHtmlCacheBehavior [ RunTime:0.000862s ]
INFO: [ view_filter ] --END-- [ RunTime:0.000901s ]
INFO: [ app_end ] --START--
INFO: Run Behavior\ShowPageTraceBehavior [ RunTime:0.000982s ]
INFO: [ app_end ] --END-- [ RunTime:0.001035s ]

[ 2018-09-16T14:23:13+08:00 ] 127.0.0.1 /index.php?s=/Admin/Article/company_edit.html
INFO: [ app_init ] --START--
INFO: Run Behavior\BuildLiteBehavior [ RunTime:0.000011s ]
INFO: Run Common\Behavior\InitHookBehavior [ RunTime:0.002515s ]
INFO: [ app_init ] --END-- [ RunTime:0.003077s ]
INFO: [ app_begin ] --START--
INFO: Run Behavior\ReadHtmlCacheBehavior [ RunTime:0.000840s ]
INFO: [ app_begin ] --END-- [ RunTime:0.000904s ]
SQL: SHOW COLUMNS FROM `app_company` [ RunTime:0.0141s ]
SQL: UPDATE `app_company` SET `companyname`='暴走',`picture`='',`creditcode`='11111111111111',`name`='大雷',`mobile`='',`phone`='',`site`='1111111',`companyprofile`='',`superstar`='',`jobinten`='',`pay`='',`jobtitle`='',`jobfield`='',`fulltime`='0' WHERE `id` = 1 [ RunTime:0.0003s ]
INFO: [ view_parse ] --START--
INFO: [ template_filter ] --START--
INFO: Run Behavior\ContentReplaceBehavior [ RunTime:0.000048s ]
INFO: [ template_filter ] --END-- [ RunTime:0.000102s ]
INFO: Run Behavior\ParseTemplateBehavior [ RunTime:0.106174s ]
INFO: [ view_parse ] --END-- [ RunTime:0.106224s ]
INFO: [ view_filter ] --START--
INFO: Run Behavior\WriteHtmlCacheBehavior [ RunTime:0.000804s ]
INFO: [ view_filter ] --END-- [ RunTime:0.000842s ]

[ 2018-09-16T14:23:33+08:00 ] 127.0.0.1 /index.php?s=/Admin/Article/company_edit.html
INFO: [ app_init ] --START--
INFO: Run Behavior\BuildLiteBehavior [ RunTime:0.000021s ]
INFO: Run Common\Behavior\InitHookBehavior [ RunTime:0.002686s ]
INFO: [ app_init ] --END-- [ RunTime:0.003934s ]
INFO: [ app_begin ] --START--
INFO: Run Behavior\ReadHtmlCacheBehavior [ RunTime:0.000681s ]
INFO: [ app_begin ] --END-- [ RunTime:0.000747s ]
SQL: SHOW COLUMNS FROM `app_company` [ RunTime:0.0123s ]
SQL: UPDATE `app_company` SET `companyname`='',`picture`='',`creditcode`='11111111111111',`name`='大雷',`mobile`='',`phone`='',`site`='1111111',`companyprofile`='',`superstar`='',`jobinten`='',`pay`='',`jobtitle`='',`jobfield`='',`fulltime`='0' WHERE `id` = 1 [ RunTime:0.0003s ]
INFO: [ view_parse ] --START--
INFO: [ template_filter ] --START--
INFO: Run Behavior\ContentReplaceBehavior [ RunTime:0.000072s ]
INFO: [ template_filter ] --END-- [ RunTime:0.000157s ]
INFO: Run Behavior\ParseTemplateBehavior [ RunTime:0.006790s ]
INFO: [ view_parse ] --END-- [ RunTime:0.006846s ]
INFO: [ view_filter ] --START--
INFO: Run Behavior\WriteHtmlCacheBehavior [ RunTime:0.000756s ]
INFO: [ view_filter ] --END-- [ RunTime:0.000797s ]

[ 2018-09-16T14:23:34+08:00 ] 127.0.0.1 /index.php?s=/Admin/Article/company_edit/id/1.html
INFO: [ app_init ] --START--
INFO: Run Behavior\BuildLiteBehavior [ RunTime:0.000012s ]
INFO: Run Common\Behavior\InitHookBehavior [ RunTime:0.003510s ]
INFO: [ app_init ] --END-- [ RunTime:0.004113s ]
INFO: [ app_begin ] --START--
INFO: Run Behavior\ReadHtmlCacheBehavior [ RunTime:0.000683s ]
INFO: [ app_begin ] --END-- [ RunTime:0.000732s ]
SQL: SHOW COLUMNS FROM `app_auth_group_access` [ RunTime:0.0134s ]
SQL: SELECT `extend_id` FROM app_auth_group_access g INNER JOIN app_auth_extend c on g.group_id=c.group_id  WHERE ( g.uid='1' and c.type='1' and !isnull(extend_id) )  [ RunTime:0.0003s ]
SQL: SHOW COLUMNS FROM `app_category` [ RunTime:0.0134s ]
SQL: SELECT `id`,`title`,`pid`,`allow_publish` FROM `app_category` WHERE `status` = 1 ORDER BY `pid`,`sort`  [ RunTime:0.0003s ]
SQL: SHOW COLUMNS FROM `app_company` [ RunTime:0.0132s ]
SQL: SELECT * FROM `app_company` WHERE `id` = 1 LIMIT 1   [ RunTime:0.0004s ]
INFO: [ view_parse ] --START--
INFO: [ template_filter ] --START--
INFO: Run Behavior\ContentReplaceBehavior [ RunTime:0.000191s ]
INFO: [ template_filter ] --END-- [ RunTime:0.000267s ]
NOTIC: [8] Undefined variable: model E:\APP\resume_app_background\Runtime\Cache\Admin\4710685b7474a9b26e8c7db9ec47e37a.php 第 155 行.
NOTIC: [8] Undefined index: status E:\APP\resume_app_background\Runtime\Cache\Admin\4710685b7474a9b26e8c7db9ec47e37a.php 第 238 行.
INFO: Run Behavior\ParseTemplateBehavior [ RunTime:0.022506s ]
INFO: [ view_parse ] --END-- [ RunTime:0.022554s ]
INFO: [ view_filter ] --START--
INFO: Run Behavior\WriteHtmlCacheBehavior [ RunTime:0.000716s ]
INFO: [ view_filter ] --END-- [ RunTime:0.000755s ]
INFO: [ app_end ] --START--
INFO: Run Behavior\ShowPageTraceBehavior [ RunTime:0.000898s ]
INFO: [ app_end ] --END-- [ RunTime:0.000943s ]

[ 2018-09-16T14:23:55+08:00 ] 127.0.0.1 /index.php?s=/Admin/Article/company_edit.html
INFO: [ app_init ] --START--
INFO: Run Behavior\BuildLiteBehavior [ RunTime:0.000014s ]
INFO: Run Common\Behavior\InitHookBehavior [ RunTime:0.006698s ]
INFO: [ app_init ] --END-- [ RunTime:0.007581s ]
INFO: [ app_begin ] --START--
INFO: Run Behavior\ReadHtmlCacheBehavior [ RunTime:0.001049s ]
INFO: [ app_begin ] --END-- [ RunTime:0.001130s ]
SQL: SHOW COLUMNS FROM `app_company` [ RunTime:0.0214s ]
SQL: UPDATE `app_company` SET `companyname`='11',`picture`='',`creditcode`='11111111111111',`name`='大雷',`mobile`='',`phone`='',`site`='1111111',`companyprofile`='',`superstar`='',`jobinten`='',`pay`='',`jobtitle`='',`jobfield`='',`fulltime`='0' WHERE `id` = 1 [ RunTime:0.0004s ]
INFO: [ view_parse ] --START--
INFO: [ template_filter ] --START--
INFO: Run Behavior\ContentReplaceBehavior [ RunTime:0.000049s ]
INFO: [ template_filter ] --END-- [ RunTime:0.000100s ]
INFO: Run Behavior\ParseTemplateBehavior [ RunTime:0.007544s ]
INFO: [ view_parse ] --END-- [ RunTime:0.007596s ]
INFO: [ view_filter ] --START--
INFO: Run Behavior\WriteHtmlCacheBehavior [ RunTime:0.001123s ]
INFO: [ view_filter ] --END-- [ RunTime:0.001222s ]

[ 2018-09-16T14:23:56+08:00 ] 127.0.0.1 /index.php?s=/Admin/Article/company_edit/id/1.html
INFO: [ app_init ] --START--
INFO: Run Behavior\BuildLiteBehavior [ RunTime:0.000015s ]
INFO: Run Common\Behavior\InitHookBehavior [ RunTime:0.002741s ]
INFO: [ app_init ] --END-- [ RunTime:0.003473s ]
INFO: [ app_begin ] --START--
INFO: Run Behavior\ReadHtmlCacheBehavior [ RunTime:0.002364s ]
INFO: [ app_begin ] --END-- [ RunTime:0.002710s ]
SQL: SHOW COLUMNS FROM `app_auth_group_access` [ RunTime:0.0134s ]
SQL: SELECT `extend_id` FROM app_auth_group_access g INNER JOIN app_auth_extend c on g.group_id=c.group_id  WHERE ( g.uid='1' and c.type='1' and !isnull(extend_id) )  [ RunTime:0.0002s ]
SQL: SHOW COLUMNS FROM `app_category` [ RunTime:0.0135s ]
SQL: SELECT `id`,`title`,`pid`,`allow_publish` FROM `app_category` WHERE `status` = 1 ORDER BY `pid`,`sort`  [ RunTime:0.0003s ]
SQL: SHOW COLUMNS FROM `app_company` [ RunTime:0.0108s ]
SQL: SELECT * FROM `app_company` WHERE `id` = 1 LIMIT 1   [ RunTime:0.0004s ]
INFO: [ view_parse ] --START--
INFO: [ template_filter ] --START--
INFO: Run Behavior\ContentReplaceBehavior [ RunTime:0.000194s ]
INFO: [ template_filter ] --END-- [ RunTime:0.000246s ]
NOTIC: [8] Undefined variable: model E:\APP\resume_app_background\Runtime\Cache\Admin\4710685b7474a9b26e8c7db9ec47e37a.php 第 155 行.
NOTIC: [8] Undefined index: status E:\APP\resume_app_background\Runtime\Cache\Admin\4710685b7474a9b26e8c7db9ec47e37a.php 第 238 行.
INFO: Run Behavior\ParseTemplateBehavior [ RunTime:0.023519s ]
INFO: [ view_parse ] --END-- [ RunTime:0.023573s ]
INFO: [ view_filter ] --START--
INFO: Run Behavior\WriteHtmlCacheBehavior [ RunTime:0.000841s ]
INFO: [ view_filter ] --END-- [ RunTime:0.000880s ]
INFO: [ app_end ] --START--
INFO: Run Behavior\ShowPageTraceBehavior [ RunTime:0.000962s ]
INFO: [ app_end ] --END-- [ RunTime:0.001008s ]

[ 2018-09-16T14:24:15+08:00 ] 127.0.0.1 /index.php?s=/Admin/Article/company_edit.html
INFO: [ app_init ] --START--
INFO: Run Behavior\BuildLiteBehavior [ RunTime:0.000013s ]
INFO: Run Common\Behavior\InitHookBehavior [ RunTime:0.002730s ]
INFO: [ app_init ] --END-- [ RunTime:0.003367s ]
INFO: [ app_begin ] --START--
INFO: Run Behavior\ReadHtmlCacheBehavior [ RunTime:0.001100s ]
INFO: [ app_begin ] --END-- [ RunTime:0.001407s ]
SQL: SHOW COLUMNS FROM `app_company` [ RunTime:0.0117s ]
SQL: UPDATE `app_company` SET `companyname`='11',`picture`='',`creditcode`='11111111111111',`name`='大雷',`mobile`='',`phone`='',`site`='1111111',`companyprofile`='',`superstar`='',`jobinten`='',`pay`='',`jobtitle`='',`jobfield`='',`fulltime`='0' WHERE `id` = 1 [ RunTime:0.0004s ]
INFO: [ view_parse ] --START--
INFO: [ template_filter ] --START--
INFO: Run Behavior\ContentReplaceBehavior [ RunTime:0.000044s ]
INFO: [ template_filter ] --END-- [ RunTime:0.000094s ]
INFO: Run Behavior\ParseTemplateBehavior [ RunTime:0.008610s ]
INFO: [ view_parse ] --END-- [ RunTime:0.008690s ]
INFO: [ view_filter ] --START--
INFO: Run Behavior\WriteHtmlCacheBehavior [ RunTime:0.000747s ]
INFO: [ view_filter ] --END-- [ RunTime:0.000796s ]

[ 2018-09-16T14:24:32+08:00 ] 127.0.0.1 /index.php?s=/Admin/Article/company_edit.html
INFO: [ app_init ] --START--
INFO: Run Behavior\BuildLiteBehavior [ RunTime:0.000012s ]
INFO: Run Common\Behavior\InitHookBehavior [ RunTime:0.002562s ]
INFO: [ app_init ] --END-- [ RunTime:0.003129s ]
INFO: [ app_begin ] --START--
INFO: Run Behavior\ReadHtmlCacheBehavior [ RunTime:0.000829s ]
INFO: [ app_begin ] --END-- [ RunTime:0.000892s ]
SQL: SHOW COLUMNS FROM `app_company` [ RunTime:0.0113s ]
SQL: UPDATE `app_company` SET `companyname`='11',`picture`='',`creditcode`='11111111111111',`name`='大雷',`mobile`='',`phone`='',`site`='1111111',`companyprofile`='',`superstar`='',`jobinten`='',`pay`='',`jobtitle`='',`jobfield`='',`fulltime`='0' WHERE `id` = 1 [ RunTime:0.0003s ]
INFO: [ view_parse ] --START--
INFO: [ template_filter ] --START--
INFO: Run Behavior\ContentReplaceBehavior [ RunTime:0.000139s ]
INFO: [ template_filter ] --END-- [ RunTime:0.000346s ]
INFO: Run Behavior\ParseTemplateBehavior [ RunTime:0.008763s ]
INFO: [ view_parse ] --END-- [ RunTime:0.008813s ]
INFO: [ view_filter ] --START--
INFO: Run Behavior\WriteHtmlCacheBehavior [ RunTime:0.000804s ]
INFO: [ view_filter ] --END-- [ RunTime:0.000844s ]

[ 2018-09-16T14:45:54+08:00 ] 127.0.0.1 /index.php?s=/Admin/User/index.html
INFO: [ app_init ] --START--
INFO: Run Behavior\BuildLiteBehavior [ RunTime:0.000030s ]
INFO: Run Common\Behavior\InitHookBehavior [ RunTime:0.003643s ]
INFO: [ app_init ] --END-- [ RunTime:0.004686s ]
INFO: [ app_begin ] --START--
INFO: Run Behavior\ReadHtmlCacheBehavior [ RunTime:0.001095s ]
INFO: [ app_begin ] --END-- [ RunTime:0.001144s ]
SQL: SHOW COLUMNS FROM `app_menu` [ RunTime:0.0118s ]
SQL: SELECT `id`,`title`,`url` FROM `app_menu` WHERE `pid` = 0 AND `hide` = 0 ORDER BY `sort` asc  [ RunTime:0.0005s ]
SQL: SELECT `pid` FROM `app_menu` WHERE ( pid !=0 AND url like '%User/index%' ) LIMIT 1   [ RunTime:0.0005s ]
SQL: SELECT * FROM `app_menu` WHERE `id` = 16 LIMIT 1   [ RunTime:0.0003s ]
SQL: SELECT DISTINCT  `group` FROM `app_menu` WHERE `group` <> '' AND `pid` = 16  [ RunTime:0.0008s ]
SQL: SELECT `id`,`url` FROM `app_menu` WHERE `pid` = 16 AND `hide` = 0  [ RunTime:0.0003s ]
SQL: SELECT `id`,`pid`,`title`,`url`,`tip` FROM `app_menu` WHERE `group` = '用户管理' AND `pid` = 16 AND `hide` = 0 ORDER BY `sort` asc  [ RunTime:0.0003s ]
SQL: SELECT `id`,`pid`,`title`,`url`,`tip` FROM `app_menu` WHERE `group` = '行为管理' AND `pid` = 16 AND `hide` = 0 ORDER BY `sort` asc  [ RunTime:0.0003s ]
SQL: SHOW COLUMNS FROM `app_member` [ RunTime:0.0102s ]
SQL: SELECT COUNT(*) AS tp_count FROM `app_member` WHERE `status` >= 0 AND `nickname` LIKE '%%' LIMIT 1   [ RunTime:0.0004s ]
SQL: SELECT `uid`,`nickname`,`sex`,`birthday`,`qq`,`score`,`login`,`reg_ip`,`reg_time`,`last_login_ip`,`last_login_time`,`status`,`gender`,`mobile`,`education`,`major`,`workyear`,`email` FROM `app_member` WHERE `status` >= 0 AND `nickname` LIKE '%%' ORDER BY `uid` desc LIMIT 0,10   [ RunTime:0.0004s ]
INFO: [ view_parse ] --START--
INFO: [ template_filter ] --START--
INFO: Run Behavior\ContentReplaceBehavior [ RunTime:0.000121s ]
INFO: [ template_filter ] --END-- [ RunTime:0.000172s ]
INFO: Run Behavior\ParseTemplateBehavior [ RunTime:0.024715s ]
INFO: [ view_parse ] --END-- [ RunTime:0.024764s ]
INFO: [ view_filter ] --START--
INFO: Run Behavior\WriteHtmlCacheBehavior [ RunTime:0.000931s ]
INFO: [ view_filter ] --END-- [ RunTime:0.000984s ]
INFO: [ app_end ] --START--
INFO: Run Behavior\ShowPageTraceBehavior [ RunTime:0.001047s ]
INFO: [ app_end ] --END-- [ RunTime:0.001093s ]

[ 2018-09-16T14:45:55+08:00 ] 127.0.0.1 /index.php?s=/Admin/Article/index.html
INFO: [ app_init ] --START--
INFO: Run Behavior\BuildLiteBehavior [ RunTime:0.000012s ]
INFO: Run Common\Behavior\InitHookBehavior [ RunTime:0.003221s ]
INFO: [ app_init ] --END-- [ RunTime:0.003937s ]
INFO: [ app_begin ] --START--
INFO: Run Behavior\ReadHtmlCacheBehavior [ RunTime:0.000592s ]
INFO: [ app_begin ] --END-- [ RunTime:0.000640s ]
SQL: SHOW COLUMNS FROM `app_auth_group_access` [ RunTime:0.0127s ]
SQL: SELECT `extend_id` FROM app_auth_group_access g INNER JOIN app_auth_extend c on g.group_id=c.group_id  WHERE ( g.uid='1' and c.type='1' and !isnull(extend_id) )  [ RunTime:0.0010s ]
SQL: SHOW COLUMNS FROM `app_category` [ RunTime:0.0103s ]
SQL: SELECT `id`,`title`,`pid`,`allow_publish` FROM `app_category` WHERE `status` = 1 ORDER BY `pid`,`sort`  [ RunTime:0.0003s ]
SQL: SHOW COLUMNS FROM `app_model` [ RunTime:0.0110s ]
SQL: SELECT * FROM `app_model` WHERE `name` = 'document' LIMIT 1   [ RunTime:0.0004s ]
SQL: SHOW COLUMNS FROM `app_document` [ RunTime:0.0103s ]
SQL: SELECT COUNT(*) AS tp_count FROM app_document DOCUMENT WHERE `status` IN ('0','1','2') AND `pid` = 0 LIMIT 1   [ RunTime:0.0003s ]
SQL: SELECT `id`,`title`,`type`,`update_time`,`status`,`view`,`category_id`,`model_id`,`pid` FROM app_document DOCUMENT WHERE `status` IN ('0','1','2') AND `pid` = 0 ORDER BY `level` DESC,DOCUMENT.id DESC LIMIT 0,10   [ RunTime:0.0003s ]
SQL: SELECT `extend` FROM `app_model` WHERE `id` = 1 LIMIT 1   [ RunTime:0.0002s ]
SQL: SHOW COLUMNS FROM `app_attribute` [ RunTime:0.0102s ]
SQL: SELECT `id`,`name`,`type`,`extra` FROM `app_attribute` WHERE `model_id` = 1  [ RunTime:0.0004s ]
NOTIC: [8] Undefined variable: groups E:\APP\resume_app_background\Application\Admin\Controller\ArticleController.class.php 第 238 行.
INFO: [ view_parse ] --START--
INFO: [ template_filter ] --START--
INFO: Run Behavior\ContentReplaceBehavior [ RunTime:0.000238s ]
INFO: [ template_filter ] --END-- [ RunTime:0.000306s ]
INFO: Run Behavior\ParseTemplateBehavior [ RunTime:0.025407s ]
INFO: [ view_parse ] --END-- [ RunTime:0.025476s ]
INFO: [ view_filter ] --START--
INFO: Run Behavior\WriteHtmlCacheBehavior [ RunTime:0.000841s ]
INFO: [ view_filter ] --END-- [ RunTime:0.000878s ]
INFO: [ app_end ] --START--
INFO: Run Behavior\ShowPageTraceBehavior [ RunTime:0.001044s ]
INFO: [ app_end ] --END-- [ RunTime:0.001087s ]

[ 2018-09-16T14:45:57+08:00 ] 127.0.0.1 /index.php?s=/Admin/article/company.html
INFO: [ app_init ] --START--
INFO: Run Behavior\BuildLiteBehavior [ RunTime:0.000040s ]
INFO: Run Common\Behavior\InitHookBehavior [ RunTime:0.002689s ]
INFO: [ app_init ] --END-- [ RunTime:0.004292s ]
INFO: [ app_begin ] --START--
INFO: Run Behavior\ReadHtmlCacheBehavior [ RunTime:0.000664s ]
INFO: [ app_begin ] --END-- [ RunTime:0.000714s ]
SQL: SHOW COLUMNS FROM `app_company` [ RunTime:0.0113s ]
SQL: SELECT `id`,`companyname`,`creditcode`,`name`,`mobile`,`site`,`companyprofile` FROM `app_company`  [ RunTime:0.0003s ]
INFO: [ view_parse ] --START--
INFO: [ template_filter ] --START--
INFO: Run Behavior\ContentReplaceBehavior [ RunTime:0.000226s ]
INFO: [ template_filter ] --END-- [ RunTime:0.000343s ]
NOTIC: [8] Undefined variable: meta_title E:\APP\resume_app_background\Runtime\Cache\Admin\6917488a1d714e02560bb35531311f99.php 第 5 行.
NOTIC: [8] Undefined variable: show_draftbox E:\APP\resume_app_background\Runtime\Cache\Admin\6917488a1d714e02560bb35531311f99.php 第 67 行.
NOTIC: [8] Undefined variable: show_examine E:\APP\resume_app_background\Runtime\Cache\Admin\6917488a1d714e02560bb35531311f99.php 第 68 行.
NOTIC: [8] Undefined variable: nodes E:\APP\resume_app_background\Runtime\Cache\Admin\6917488a1d714e02560bb35531311f99.php 第 71 行.
NOTIC: [8] Undefined variable: show_recycle E:\APP\resume_app_background\Runtime\Cache\Admin\6917488a1d714e02560bb35531311f99.php 第 105 行.
NOTIC: [8] Undefined index: status E:\APP\resume_app_background\Runtime\Cache\Admin\6917488a1d714e02560bb35531311f99.php 第 182 行.
NOTIC: [8] Undefined index: status E:\APP\resume_app_background\Runtime\Cache\Admin\6917488a1d714e02560bb35531311f99.php 第 182 行.
NOTIC: [8] Undefined index: status E:\APP\resume_app_background\Runtime\Cache\Admin\6917488a1d714e02560bb35531311f99.php 第 182 行.
NOTIC: [8] Undefined index: status E:\APP\resume_app_background\Runtime\Cache\Admin\6917488a1d714e02560bb35531311f99.php 第 182 行.
NOTIC: [8] Undefined index: status E:\APP\resume_app_background\Runtime\Cache\Admin\6917488a1d714e02560bb35531311f99.php 第 182 行.
NOTIC: [8] Undefined index: status E:\APP\resume_app_background\Runtime\Cache\Admin\6917488a1d714e02560bb35531311f99.php 第 182 行.
NOTIC: [8] Undefined index: status E:\APP\resume_app_background\Runtime\Cache\Admin\6917488a1d714e02560bb35531311f99.php 第 182 行.
NOTIC: [8] Undefined index: status E:\APP\resume_app_background\Runtime\Cache\Admin\6917488a1d714e02560bb35531311f99.php 第 182 行.
NOTIC: [8] Undefined index: status E:\APP\resume_app_background\Runtime\Cache\Admin\6917488a1d714e02560bb35531311f99.php 第 182 行.
NOTIC: [8] Undefined index: status E:\APP\resume_app_background\Runtime\Cache\Admin\6917488a1d714e02560bb35531311f99.php 第 182 行.
NOTIC: [8] Undefined index: status E:\APP\resume_app_background\Runtime\Cache\Admin\6917488a1d714e02560bb35531311f99.php 第 182 行.
NOTIC: [8] Undefined index: status E:\APP\resume_app_background\Runtime\Cache\Admin\6917488a1d714e02560bb35531311f99.php 第 182 行.
NOTIC: [8] Undefined index: status E:\APP\resume_app_background\Runtime\Cache\Admin\6917488a1d714e02560bb35531311f99.php 第 182 行.
NOTIC: [8] Undefined index: status E:\APP\resume_app_background\Runtime\Cache\Admin\6917488a1d714e02560bb35531311f99.php 第 182 行.
NOTIC: [8] Undefined index: status E:\APP\resume_app_background\Runtime\Cache\Admin\6917488a1d714e02560bb35531311f99.php 第 182 行.
NOTIC: [8] Undefined index: status E:\APP\resume_app_background\Runtime\Cache\Admin\6917488a1d714e02560bb35531311f99.php 第 182 行.
NOTIC: [8] Undefined index: status E:\APP\resume_app_background\Runtime\Cache\Admin\6917488a1d714e02560bb35531311f99.php 第 182 行.
NOTIC: [8] Undefined index: status E:\APP\resume_app_background\Runtime\Cache\Admin\6917488a1d714e02560bb35531311f99.php 第 182 行.
NOTIC: [8] Undefined index: status E:\APP\resume_app_background\Runtime\Cache\Admin\6917488a1d714e02560bb35531311f99.php 第 182 行.
NOTIC: [8] Undefined index: status E:\APP\resume_app_background\Runtime\Cache\Admin\6917488a1d714e02560bb35531311f99.php 第 182 行.
NOTIC: [8] Undefined index: status E:\APP\resume_app_background\Runtime\Cache\Admin\6917488a1d714e02560bb35531311f99.php 第 182 行.
NOTIC: [8] Undefined index: status E:\APP\resume_app_background\Runtime\Cache\Admin\6917488a1d714e02560bb35531311f99.php 第 182 行.
NOTIC: [8] Undefined variable: _page E:\APP\resume_app_background\Runtime\Cache\Admin\6917488a1d714e02560bb35531311f99.php 第 194 行.
INFO: Run Behavior\ParseTemplateBehavior [ RunTime:0.021439s ]
INFO: [ view_parse ] --END-- [ RunTime:0.021485s ]
INFO: [ view_filter ] --START--
INFO: Run Behavior\WriteHtmlCacheBehavior [ RunTime:0.000755s ]
INFO: [ view_filter ] --END-- [ RunTime:0.000796s ]
INFO: [ app_end ] --START--
INFO: Run Behavior\ShowPageTraceBehavior [ RunTime:0.000956s ]
INFO: [ app_end ] --END-- [ RunTime:0.001003s ]

[ 2018-09-16T14:45:59+08:00 ] 127.0.0.1 /index.php?s=/Admin/Article/company_edit/id/10.html
INFO: [ app_init ] --START--
INFO: Run Behavior\BuildLiteBehavior [ RunTime:0.000042s ]
INFO: Run Common\Behavior\InitHookBehavior [ RunTime:0.002687s ]
INFO: [ app_init ] --END-- [ RunTime:0.004833s ]
INFO: [ app_begin ] --START--
INFO: Run Behavior\ReadHtmlCacheBehavior [ RunTime:0.000784s ]
INFO: [ app_begin ] --END-- [ RunTime:0.000852s ]
SQL: SHOW COLUMNS FROM `app_auth_group_access` [ RunTime:0.0124s ]
SQL: SELECT `extend_id` FROM app_auth_group_access g INNER JOIN app_auth_extend c on g.group_id=c.group_id  WHERE ( g.uid='1' and c.type='1' and !isnull(extend_id) )  [ RunTime:0.0003s ]
SQL: SHOW COLUMNS FROM `app_category` [ RunTime:0.0092s ]
SQL: SELECT `id`,`title`,`pid`,`allow_publish` FROM `app_category` WHERE `status` = 1 ORDER BY `pid`,`sort`  [ RunTime:0.0003s ]
SQL: SHOW COLUMNS FROM `app_company` [ RunTime:0.0117s ]
SQL: SELECT * FROM `app_company` WHERE `id` = 10 LIMIT 1   [ RunTime:0.0003s ]
INFO: [ view_parse ] --START--
INFO: [ template_filter ] --START--
INFO: Run Behavior\ContentReplaceBehavior [ RunTime:0.000237s ]
INFO: [ template_filter ] --END-- [ RunTime:0.000326s ]
NOTIC: [8] Undefined variable: model E:\APP\resume_app_background\Runtime\Cache\Admin\4710685b7474a9b26e8c7db9ec47e37a.php 第 155 行.
NOTIC: [8] Undefined index: status E:\APP\resume_app_background\Runtime\Cache\Admin\4710685b7474a9b26e8c7db9ec47e37a.php 第 238 行.
INFO: Run Behavior\ParseTemplateBehavior [ RunTime:0.020778s ]
INFO: [ view_parse ] --END-- [ RunTime:0.020824s ]
INFO: [ view_filter ] --START--
INFO: Run Behavior\WriteHtmlCacheBehavior [ RunTime:0.000956s ]
INFO: [ view_filter ] --END-- [ RunTime:0.000997s ]
INFO: [ app_end ] --START--
INFO: Run Behavior\ShowPageTraceBehavior [ RunTime:0.001070s ]
INFO: [ app_end ] --END-- [ RunTime:0.001155s ]

[ 2018-09-16T14:46:02+08:00 ] 127.0.0.1 /index.php?s=/Admin/Article/company_edit.html
INFO: [ app_init ] --START--
INFO: Run Behavior\BuildLiteBehavior [ RunTime:0.000011s ]
INFO: Run Common\Behavior\InitHookBehavior [ RunTime:0.002652s ]
INFO: [ app_init ] --END-- [ RunTime:0.003305s ]
INFO: [ app_begin ] --START--
INFO: Run Behavior\ReadHtmlCacheBehavior [ RunTime:0.000589s ]
INFO: [ app_begin ] --END-- [ RunTime:0.000654s ]
SQL: SHOW COLUMNS FROM `app_company` [ RunTime:0.0093s ]
SQL: UPDATE `app_company` SET `companyname`='德玛西亚',`picture`='',`creditcode`='lalalalala',`name`='',`mobile`='123456789123',`phone`='4125412',`site`='苏州河边',`companyprofile`='不是皮包公司',`superstar`='',`jobinten`='销售',`pay`='3333',`jobtitle`='',`jobfield`='盘龙区',`fulltime`='0' WHERE `id` = 10 [ RunTime:0.0003s ]
INFO: [ view_parse ] --START--
INFO: [ template_filter ] --START--
INFO: Run Behavior\ContentReplaceBehavior [ RunTime:0.000047s ]
INFO: [ template_filter ] --END-- [ RunTime:0.000099s ]
INFO: Run Behavior\ParseTemplateBehavior [ RunTime:0.007131s ]
INFO: [ view_parse ] --END-- [ RunTime:0.007190s ]
INFO: [ view_filter ] --START--
INFO: Run Behavior\WriteHtmlCacheBehavior [ RunTime:0.000725s ]
INFO: [ view_filter ] --END-- [ RunTime:0.000765s ]

[ 2018-09-16T14:46:03+08:00 ] 127.0.0.1 /index.php?s=/Admin/Article/company_edit/id/10.html
INFO: [ app_init ] --START--
INFO: Run Behavior\BuildLiteBehavior [ RunTime:0.000022s ]
INFO: Run Common\Behavior\InitHookBehavior [ RunTime:0.003476s ]
INFO: [ app_init ] --END-- [ RunTime:0.005008s ]
INFO: [ app_begin ] --START--
INFO: Run Behavior\ReadHtmlCacheBehavior [ RunTime:0.000699s ]
INFO: [ app_begin ] --END-- [ RunTime:0.000753s ]
SQL: SHOW COLUMNS FROM `app_auth_group_access` [ RunTime:0.0123s ]
SQL: SELECT `extend_id` FROM app_auth_group_access g INNER JOIN app_auth_extend c on g.group_id=c.group_id  WHERE ( g.uid='1' and c.type='1' and !isnull(extend_id) )  [ RunTime:0.0003s ]
SQL: SHOW COLUMNS FROM `app_category` [ RunTime:0.0110s ]
SQL: SELECT `id`,`title`,`pid`,`allow_publish` FROM `app_category` WHERE `status` = 1 ORDER BY `pid`,`sort`  [ RunTime:0.0003s ]
SQL: SHOW COLUMNS FROM `app_company` [ RunTime:0.0095s ]
SQL: SELECT * FROM `app_company` WHERE `id` = 10 LIMIT 1   [ RunTime:0.0004s ]
INFO: [ view_parse ] --START--
INFO: [ template_filter ] --START--
INFO: Run Behavior\ContentReplaceBehavior [ RunTime:0.000174s ]
INFO: [ template_filter ] --END-- [ RunTime:0.000217s ]
NOTIC: [8] Undefined variable: model E:\APP\resume_app_background\Runtime\Cache\Admin\4710685b7474a9b26e8c7db9ec47e37a.php 第 155 行.
NOTIC: [8] Undefined index: status E:\APP\resume_app_background\Runtime\Cache\Admin\4710685b7474a9b26e8c7db9ec47e37a.php 第 238 行.
INFO: Run Behavior\ParseTemplateBehavior [ RunTime:0.020380s ]
INFO: [ view_parse ] --END-- [ RunTime:0.020424s ]
INFO: [ view_filter ] --START--
INFO: Run Behavior\WriteHtmlCacheBehavior [ RunTime:0.000714s ]
INFO: [ view_filter ] --END-- [ RunTime:0.000752s ]
INFO: [ app_end ] --START--
INFO: Run Behavior\ShowPageTraceBehavior [ RunTime:0.001091s ]
INFO: [ app_end ] --END-- [ RunTime:0.001168s ]

[ 2018-09-16T14:46:12+08:00 ] 127.0.0.1 /index.php?s=/Admin/Article/company_edit.html
INFO: [ app_init ] --START--
INFO: Run Behavior\BuildLiteBehavior [ RunTime:0.000011s ]
INFO: Run Common\Behavior\InitHookBehavior [ RunTime:0.003936s ]
INFO: [ app_init ] --END-- [ RunTime:0.007975s ]
INFO: [ app_begin ] --START--
INFO: Run Behavior\ReadHtmlCacheBehavior [ RunTime:0.002340s ]
INFO: [ app_begin ] --END-- [ RunTime:0.002418s ]
SQL: SHOW COLUMNS FROM `app_company` [ RunTime:0.0347s ]
SQL: UPDATE `app_company` SET `companyname`='德玛西亚',`picture`='',`creditcode`='lalalalala',`name`='',`mobile`='123456789123',`phone`='4125412',`site`='苏州河边',`companyprofile`='不是皮包公司',`superstar`='',`jobinten`='销售',`pay`='3333',`jobtitle`='',`jobfield`='盘龙区',`fulltime`='0' WHERE `id` = 10 [ RunTime:0.0003s ]
INFO: [ view_parse ] --START--
INFO: [ template_filter ] --START--
INFO: Run Behavior\ContentReplaceBehavior [ RunTime:0.000046s ]
INFO: [ template_filter ] --END-- [ RunTime:0.000111s ]
INFO: Run Behavior\ParseTemplateBehavior [ RunTime:0.007960s ]
INFO: [ view_parse ] --END-- [ RunTime:0.008011s ]
INFO: [ view_filter ] --START--
INFO: Run Behavior\WriteHtmlCacheBehavior [ RunTime:0.000754s ]
INFO: [ view_filter ] --END-- [ RunTime:0.000794s ]

[ 2018-09-16T14:53:29+08:00 ] 127.0.0.1 /index.php?s=/Admin/Article/company_edit.html
INFO: [ app_init ] --START--
INFO: Run Behavior\BuildLiteBehavior [ RunTime:0.000012s ]
INFO: Run Common\Behavior\InitHookBehavior [ RunTime:0.003436s ]
INFO: [ app_init ] --END-- [ RunTime:0.004050s ]
INFO: [ app_begin ] --START--
INFO: Run Behavior\ReadHtmlCacheBehavior [ RunTime:0.000900s ]
INFO: [ app_begin ] --END-- [ RunTime:0.000960s ]
SQL: SHOW COLUMNS FROM `app_company` [ RunTime:0.0108s ]
SQL: UPDATE `app_company` SET `companyname`='德玛西亚',`picture`='',`creditcode`='lalalalala',`name`='',`mobile`='123456789123',`phone`='4125412',`site`='苏州河边',`companyprofile`='不是皮包公司',`superstar`='',`jobinten`='销售',`pay`='3333',`jobtitle`='',`jobfield`='盘龙区',`fulltime`='0' WHERE `id` = 10 [ RunTime:0.0003s ]
INFO: [ view_parse ] --START--
INFO: [ template_filter ] --START--
INFO: Run Behavior\ContentReplaceBehavior [ RunTime:0.000044s ]
INFO: [ template_filter ] --END-- [ RunTime:0.000088s ]
INFO: Run Behavior\ParseTemplateBehavior [ RunTime:0.006451s ]
INFO: [ view_parse ] --END-- [ RunTime:0.006496s ]
INFO: [ view_filter ] --START--
INFO: Run Behavior\WriteHtmlCacheBehavior [ RunTime:0.000690s ]
INFO: [ view_filter ] --END-- [ RunTime:0.000728s ]

