[ 2018-09-07T15:22:16+08:00 ] 127.0.0.1 /index.php?s=/Admin/Menu/index/pid/2.html
INFO: [ app_init ] --START--
INFO: Run Behavior\BuildLiteBehavior [ RunTime:0.000067s ]
INFO: Run Common\Behavior\InitHookBehavior [ RunTime:0.080324s ]
INFO: [ app_init ] --END-- [ RunTime:0.083723s ]
INFO: [ app_begin ] --START--
INFO: Run Behavior\ReadHtmlCacheBehavior [ RunTime:0.005890s ]
INFO: [ app_begin ] --END-- [ RunTime:0.006944s ]

[ 2018-09-07T15:22:16+08:00 ] 127.0.0.1 /index.php?s=/Admin/Public/login.html
INFO: [ app_init ] --START--
INFO: Run Behavior\BuildLiteBehavior [ RunTime:0.000046s ]
INFO: Run Common\Behavior\InitHookBehavior [ RunTime:0.010021s ]
INFO: [ app_init ] --END-- [ RunTime:0.011554s ]
INFO: [ app_begin ] --START--
INFO: Run Behavior\ReadHtmlCacheBehavior [ RunTime:0.003504s ]
INFO: [ app_begin ] --END-- [ RunTime:0.003826s ]
INFO: [ view_parse ] --START--
INFO: [ template_filter ] --START--
INFO: Run Behavior\ContentReplaceBehavior [ RunTime:0.000764s ]
INFO: [ template_filter ] --END-- [ RunTime:0.000980s ]
INFO: Run Behavior\ParseTemplateBehavior [ RunTime:0.051644s ]
INFO: [ view_parse ] --END-- [ RunTime:0.051844s ]
INFO: [ view_filter ] --START--
INFO: Run Behavior\WriteHtmlCacheBehavior [ RunTime:0.002819s ]
INFO: [ view_filter ] --END-- [ RunTime:0.003031s ]
INFO: [ app_end ] --START--
INFO: Run Behavior\ShowPageTraceBehavior [ RunTime:0.002820s ]
INFO: [ app_end ] --END-- [ RunTime:0.003005s ]

[ 2018-09-07T15:22:17+08:00 ] 127.0.0.1 /index.php?s=/Admin/Public/verify.html
INFO: [ app_init ] --START--
INFO: Run Behavior\BuildLiteBehavior [ RunTime:0.000049s ]
INFO: Run Common\Behavior\InitHookBehavior [ RunTime:0.009518s ]
INFO: [ app_init ] --END-- [ RunTime:0.011608s ]
INFO: [ app_begin ] --START--
INFO: Run Behavior\ReadHtmlCacheBehavior [ RunTime:0.004749s ]
INFO: [ app_begin ] --END-- [ RunTime:0.004994s ]
INFO: [ app_end ] --START--
INFO: Run Behavior\ShowPageTraceBehavior [ RunTime:0.005209s ]
INFO: [ app_end ] --END-- [ RunTime:0.005478s ]

